2025-05-22 09:43:45,707 - admin_debug - INFO - Iniciando carregamento do dashboard administrativo
2025-05-22 09:43:45,709 - admin_debug - DEBUG - TABELAS NO BANCO: [<sqlite3.Row object at 0x000001F1A53FEB90>, <sqlite3.Row object at 0x000001F1A53FEB00>, <sqlite3.Row object at 0x000001F1A53FEAD0>, <sqlite3.Row object at 0x000001F1A53FEAA0>, <sqlite3.Row object at 0x000001F1A53FEA70>, <sqlite3.Row object at 0x000001F1A53FEA40>, <sqlite3.Row object at 0x000001F1A53FEA10>, <sqlite3.Row object at 0x000001F1A53FE9E0>, <sqlite3.Row object at 0x000001F1A53FE9B0>, <sqlite3.Row object at 0x000001F1A53FE980>, <sqlite3.Row object at 0x000001F1A53FE950>, <sqlite3.Row object at 0x000001F1A53FE920>]
2025-05-22 09:43:45,710 - admin_debug - DEBUG - QUERY SQL: SELECT COUNT(*) FROM usuarios
2025-05-22 09:43:45,711 - admin_debug - DEBUG - Total de usuários: 13
2025-05-22 09:43:45,711 - admin_debug - DEBUG - QUERY SQL: SELECT COUNT(*) FROM usuarios WHERE nivel = 'admin'
2025-05-22 09:43:45,711 - admin_debug - DEBUG - Total de admins: 5
2025-05-22 09:43:45,712 - admin_debug - DEBUG - QUERY SQL: SELECT COUNT(*) FROM usuarios WHERE nivel = 'comum'
2025-05-22 09:43:45,712 - admin_debug - DEBUG - Total de usuários comuns: 2
2025-05-22 09:43:45,713 - admin_debug - DEBUG - QUERY SQL: SELECT COUNT(*) FROM usuarios WHERE nivel = 'gr'
2025-05-22 09:43:45,713 - admin_debug - DEBUG - Total de usuários GR: 6
2025-05-22 09:43:45,713 - admin_debug - DEBUG - QUERY SQL: SELECT name FROM sqlite_master WHERE type='table' AND name='solicitacoes_senha'
2025-05-22 09:43:45,714 - admin_debug - DEBUG - QUERY SQL: SELECT COUNT(*) FROM solicitacoes_senha WHERE status = 'pendente'
2025-05-22 09:43:45,714 - admin_debug - DEBUG - Solicitações de senha pendentes: 1
2025-05-22 09:43:45,714 - admin_debug - DEBUG - QUERY SQL: SELECT name FROM sqlite_master WHERE type='table' AND name='solicitacoes_registro'
2025-05-22 09:43:45,714 - admin_debug - DEBUG - QUERY SQL: SELECT COUNT(*) FROM solicitacoes_registro WHERE status = 'pendente'
2025-05-22 09:43:45,716 - admin_debug - DEBUG - Solicitações de registro pendentes: 0
2025-05-22 09:43:45,716 - admin_debug - DEBUG - QUERY SQL: SELECT name FROM sqlite_master WHERE type='table' AND name='logs'
2025-05-22 09:43:45,716 - admin_debug - DEBUG - SCHEMA DE logs: [<sqlite3.Row object at 0x000001F1A53FEB90>, <sqlite3.Row object at 0x000001F1A53FE920>, <sqlite3.Row object at 0x000001F1A53FE8F0>, <sqlite3.Row object at 0x000001F1A53FE8C0>, <sqlite3.Row object at 0x000001F1A53FE890>]
2025-05-22 09:43:45,716 - admin_debug - DEBUG - QUERY SQL: SELECT name FROM sqlite_master WHERE type='table' AND name='usuarios'
2025-05-22 09:43:45,716 - admin_debug - DEBUG - QUERY SQL: 
                            SELECT l.*, u.username
                            FROM logs l
                            LEFT JOIN usuarios u ON l.usuario = u.username
                            ORDER BY l.data DESC
                            LIMIT 10
                        
2025-05-22 09:43:45,718 - admin_debug - DEBUG - Logs recentes: 1 registros
2025-05-22 09:43:45,719 - admin_debug - DEBUG - QUERY SQL: SELECT name FROM sqlite_master WHERE type='table' AND name='registros'
2025-05-22 09:43:45,719 - admin_debug - DEBUG - SCHEMA DE registros: [<sqlite3.Row object at 0x000001F1A53FE8C0>, <sqlite3.Row object at 0x000001F1A53FE830>, <sqlite3.Row object at 0x000001F1A53FE800>, <sqlite3.Row object at 0x000001F1A53FE7D0>, <sqlite3.Row object at 0x000001F1A53FE7A0>, <sqlite3.Row object at 0x000001F1A53FE770>, <sqlite3.Row object at 0x000001F1A53FE740>, <sqlite3.Row object at 0x000001F1A53FE710>, <sqlite3.Row object at 0x000001F1A53FE6E0>, <sqlite3.Row object at 0x000001F1A53FE6B0>, <sqlite3.Row object at 0x000001F1A53FE680>, <sqlite3.Row object at 0x000001F1A53FE650>, <sqlite3.Row object at 0x000001F1A53FE620>, <sqlite3.Row object at 0x000001F1A53FE5F0>, <sqlite3.Row object at 0x000001F1A53FE5C0>, <sqlite3.Row object at 0x000001F1A53FE590>, <sqlite3.Row object at 0x000001F1A53FE560>, <sqlite3.Row object at 0x000001F1A53FE530>, <sqlite3.Row object at 0x000001F1A53FE500>, <sqlite3.Row object at 0x000001F1A53FE4D0>, <sqlite3.Row object at 0x000001F1A53FE4A0>, <sqlite3.Row object at 0x000001F1A53FE470>, <sqlite3.Row object at 0x000001F1A53FE440>, <sqlite3.Row object at 0x000001F1A53FE410>, <sqlite3.Row object at 0x000001F1A53FE3E0>, <sqlite3.Row object at 0x000001F1A53FE3B0>, <sqlite3.Row object at 0x000001F1A53FE380>, <sqlite3.Row object at 0x000001F1A53FE350>, <sqlite3.Row object at 0x000001F1A53FE320>, <sqlite3.Row object at 0x000001F1A53FE2F0>, <sqlite3.Row object at 0x000001F1A53FE2C0>, <sqlite3.Row object at 0x000001F1A53FE290>, <sqlite3.Row object at 0x000001F1A53FE260>, <sqlite3.Row object at 0x000001F1A53FE230>, <sqlite3.Row object at 0x000001F1A53FE200>, <sqlite3.Row object at 0x000001F1A53FE1D0>, <sqlite3.Row object at 0x000001F1A53FE1A0>, <sqlite3.Row object at 0x000001F1A53FE170>, <sqlite3.Row object at 0x000001F1A53FE140>, <sqlite3.Row object at 0x000001F1A53FE110>, <sqlite3.Row object at 0x000001F1A53FE0E0>, <sqlite3.Row object at 0x000001F1A53FE0B0>, <sqlite3.Row object at 0x000001F1A53FE080>, <sqlite3.Row object at 0x000001F1A53FE050>, <sqlite3.Row object at 0x000001F1A53FE020>, <sqlite3.Row object at 0x000001F1A53FDFF0>, <sqlite3.Row object at 0x000001F1A53FDFC0>, <sqlite3.Row object at 0x000001F1A53FDF90>, <sqlite3.Row object at 0x000001F1A53FDF60>, <sqlite3.Row object at 0x000001F1A53FDF30>, <sqlite3.Row object at 0x000001F1A53FDF00>, <sqlite3.Row object at 0x000001F1A53FDED0>, <sqlite3.Row object at 0x000001F1A53FDEA0>]
2025-05-22 09:43:45,719 - admin_debug - DEBUG - Colunas na tabela registros: [<sqlite3.Row object at 0x000001F1A53FE8C0>, <sqlite3.Row object at 0x000001F1A53FE830>, <sqlite3.Row object at 0x000001F1A53FE800>, <sqlite3.Row object at 0x000001F1A53FE7D0>, <sqlite3.Row object at 0x000001F1A53FE7A0>, <sqlite3.Row object at 0x000001F1A53FE770>, <sqlite3.Row object at 0x000001F1A53FE740>, <sqlite3.Row object at 0x000001F1A53FE710>, <sqlite3.Row object at 0x000001F1A53FE6E0>, <sqlite3.Row object at 0x000001F1A53FE6B0>, <sqlite3.Row object at 0x000001F1A53FE680>, <sqlite3.Row object at 0x000001F1A53FE650>, <sqlite3.Row object at 0x000001F1A53FE620>, <sqlite3.Row object at 0x000001F1A53FE5F0>, <sqlite3.Row object at 0x000001F1A53FE5C0>, <sqlite3.Row object at 0x000001F1A53FE590>, <sqlite3.Row object at 0x000001F1A53FE560>, <sqlite3.Row object at 0x000001F1A53FE530>, <sqlite3.Row object at 0x000001F1A53FE500>, <sqlite3.Row object at 0x000001F1A53FE4D0>, <sqlite3.Row object at 0x000001F1A53FE4A0>, <sqlite3.Row object at 0x000001F1A53FE470>, <sqlite3.Row object at 0x000001F1A53FE440>, <sqlite3.Row object at 0x000001F1A53FE410>, <sqlite3.Row object at 0x000001F1A53FE3E0>, <sqlite3.Row object at 0x000001F1A53FE3B0>, <sqlite3.Row object at 0x000001F1A53FE380>, <sqlite3.Row object at 0x000001F1A53FE350>, <sqlite3.Row object at 0x000001F1A53FE320>, <sqlite3.Row object at 0x000001F1A53FE2F0>, <sqlite3.Row object at 0x000001F1A53FE2C0>, <sqlite3.Row object at 0x000001F1A53FE290>, <sqlite3.Row object at 0x000001F1A53FE260>, <sqlite3.Row object at 0x000001F1A53FE230>, <sqlite3.Row object at 0x000001F1A53FE200>, <sqlite3.Row object at 0x000001F1A53FE1D0>, <sqlite3.Row object at 0x000001F1A53FE1A0>, <sqlite3.Row object at 0x000001F1A53FE170>, <sqlite3.Row object at 0x000001F1A53FE140>, <sqlite3.Row object at 0x000001F1A53FE110>, <sqlite3.Row object at 0x000001F1A53FE0E0>, <sqlite3.Row object at 0x000001F1A53FE0B0>, <sqlite3.Row object at 0x000001F1A53FE080>, <sqlite3.Row object at 0x000001F1A53FE050>, <sqlite3.Row object at 0x000001F1A53FE020>, <sqlite3.Row object at 0x000001F1A53FDFF0>, <sqlite3.Row object at 0x000001F1A53FDFC0>, <sqlite3.Row object at 0x000001F1A53FDF90>, <sqlite3.Row object at 0x000001F1A53FDF60>, <sqlite3.Row object at 0x000001F1A53FDF30>, <sqlite3.Row object at 0x000001F1A53FDF00>, <sqlite3.Row object at 0x000001F1A53FDED0>, <sqlite3.Row object at 0x000001F1A53FDEA0>]
2025-05-22 09:43:45,719 - admin_debug - DEBUG - QUERY SQL: SELECT COUNT(*) FROM registros WHERE excluido = 0
2025-05-22 09:43:45,721 - admin_debug - DEBUG - Total de registros: 1
2025-05-22 09:43:45,721 - admin_debug - DEBUG - QUERY SQL: SELECT COUNT(*) FROM registros WHERE data_registro >= date('now', '-7 days') AND excluido = 0
2025-05-22 09:43:45,721 - admin_debug - DEBUG - Registros da última semana: 1
2025-05-22 09:43:45,721 - admin_debug - DEBUG - QUERY SQL: PRAGMA table_info(registros)
2025-05-22 09:43:45,723 - admin_debug - DEBUG - QUERY SQL: SELECT COUNT(*) FROM registros WHERE data_modificacao >= datetime('now', '-7 days') AND excluido = 0
2025-05-22 09:43:45,723 - admin_debug - DEBUG - Registros atualizados na última semana: 1
2025-05-22 09:43:45,723 - admin_debug - DEBUG - QUERY SQL: SELECT COUNT(*) as total FROM registros WHERE alteracoes_verificadas = 1 AND excluido = 0
2025-05-22 09:43:45,723 - admin_debug - DEBUG - Total de alterações verificadas: 1
2025-05-22 09:43:45,725 - admin_debug - DEBUG - QUERY SQL: 
                        SELECT usuario, COUNT(*) as total_acoes
                        FROM logs
                        GROUP BY usuario
                        ORDER BY total_acoes DESC
                        LIMIT 5
                    
2025-05-22 09:43:45,725 - admin_debug - DEBUG - Atividade por usuário: 1 registros
2025-05-22 09:43:45,725 - admin_debug - INFO - Dashboard administrativo carregado com sucesso
