2025-05-27 10:07:09,424 - admin_debug - INFO - Iniciando carregamento do dashboard administrativo
2025-05-27 10:07:09,426 - admin_debug - DEBUG - TABELAS NO BANCO: [<sqlite3.Row object at 0x000001CA4BC81480>, <sqlite3.Row object at 0x000001CA4BC813C0>, <sqlite3.Row object at 0x000001CA4BC81270>, <sqlite3.Row object at 0x000001CA4BC813F0>, <sqlite3.Row object at 0x000001CA4BC81420>, <sqlite3.Row object at 0x000001CA4BC81240>, <sqlite3.Row object at 0x000001CA4BC80E50>, <sqlite3.Row object at 0x000001CA4BC810F0>, <sqlite3.Row object at 0x000001CA4BC81210>, <sqlite3.Row object at 0x000001CA4BC81150>, <sqlite3.Row object at 0x000001CA4BC81120>, <sqlite3.Row object at 0x000001CA4BC811B0>, <sqlite3.Row object at 0x000001CA4BC81180>]
2025-05-27 10:07:09,428 - admin_debug - DEBUG - QUERY SQL: SELECT COUNT(*) FROM usuarios
2025-05-27 10:07:09,428 - admin_debug - DEBUG - Total de usuários: 18
2025-05-27 10:07:09,428 - admin_debug - DEBUG - QUERY SQL: SELECT COUNT(*) FROM usuarios WHERE nivel = 'admin'
2025-05-27 10:07:09,429 - admin_debug - DEBUG - Total de admins: 5
2025-05-27 10:07:09,429 - admin_debug - DEBUG - QUERY SQL: SELECT COUNT(*) FROM usuarios WHERE nivel = 'comum'
2025-05-27 10:07:09,430 - admin_debug - DEBUG - Total de usuários comuns: 6
2025-05-27 10:07:09,430 - admin_debug - DEBUG - QUERY SQL: SELECT COUNT(*) FROM usuarios WHERE nivel = 'gr'
2025-05-27 10:07:09,431 - admin_debug - DEBUG - Total de usuários GR: 7
2025-05-27 10:07:09,431 - admin_debug - DEBUG - QUERY SQL: SELECT name FROM sqlite_master WHERE type='table' AND name='solicitacoes_senha'
2025-05-27 10:07:09,431 - admin_debug - DEBUG - QUERY SQL: SELECT COUNT(*) FROM solicitacoes_senha WHERE status = 'pendente'
2025-05-27 10:07:09,431 - admin_debug - DEBUG - Solicitações de senha pendentes: 0
2025-05-27 10:07:09,431 - admin_debug - DEBUG - QUERY SQL: SELECT name FROM sqlite_master WHERE type='table' AND name='solicitacoes_registro'
2025-05-27 10:07:09,433 - admin_debug - DEBUG - QUERY SQL: SELECT COUNT(*) FROM solicitacoes_registro WHERE status = 'pendente'
2025-05-27 10:07:09,433 - admin_debug - DEBUG - Solicitações de registro pendentes: 1
2025-05-27 10:07:09,433 - admin_debug - DEBUG - QUERY SQL: SELECT name FROM sqlite_master WHERE type='table' AND name='logs'
2025-05-27 10:07:09,435 - admin_debug - DEBUG - SCHEMA DE logs: [<sqlite3.Row object at 0x000001CA4BC81480>, <sqlite3.Row object at 0x000001CA4BC811B0>, <sqlite3.Row object at 0x000001CA4BC81180>, <sqlite3.Row object at 0x000001CA4BC812D0>, <sqlite3.Row object at 0x000001CA4BC82020>]
2025-05-27 10:07:09,435 - admin_debug - DEBUG - QUERY SQL: SELECT name FROM sqlite_master WHERE type='table' AND name='usuarios'
2025-05-27 10:07:09,435 - admin_debug - DEBUG - QUERY SQL: 
                            SELECT l.*, u.username
                            FROM logs l
                            LEFT JOIN usuarios u ON l.usuario = u.username
                            ORDER BY l.data DESC
                            LIMIT 10
                        
2025-05-27 10:07:09,435 - admin_debug - DEBUG - Logs recentes: 1 registros
2025-05-27 10:07:09,435 - admin_debug - DEBUG - QUERY SQL: SELECT name FROM sqlite_master WHERE type='table' AND name='registros'
2025-05-27 10:07:09,436 - admin_debug - DEBUG - SCHEMA DE registros: [<sqlite3.Row object at 0x000001CA4BC812D0>, <sqlite3.Row object at 0x000001CA4BC81BA0>, <sqlite3.Row object at 0x000001CA4BC81D20>, <sqlite3.Row object at 0x000001CA4BC82620>, <sqlite3.Row object at 0x000001CA4BC81ED0>, <sqlite3.Row object at 0x000001CA4BC81F00>, <sqlite3.Row object at 0x000001CA4BC82350>, <sqlite3.Row object at 0x000001CA4BC81FF0>, <sqlite3.Row object at 0x000001CA4BC820E0>, <sqlite3.Row object at 0x000001CA4BC82110>, <sqlite3.Row object at 0x000001CA4BC82080>, <sqlite3.Row object at 0x000001CA4BC82050>, <sqlite3.Row object at 0x000001CA4BC81FC0>, <sqlite3.Row object at 0x000001CA4BC81A50>, <sqlite3.Row object at 0x000001CA4BC81F30>, <sqlite3.Row object at 0x000001CA4BC81E70>, <sqlite3.Row object at 0x000001CA4BC81F60>, <sqlite3.Row object at 0x000001CA4BC81EA0>, <sqlite3.Row object at 0x000001CA4BC81F90>, <sqlite3.Row object at 0x000001CA4BC81E10>, <sqlite3.Row object at 0x000001CA4BC820B0>, <sqlite3.Row object at 0x000001CA4BC81D50>, <sqlite3.Row object at 0x000001CA4BC81D80>, <sqlite3.Row object at 0x000001CA4BC81B70>, <sqlite3.Row object at 0x000001CA4BC82380>, <sqlite3.Row object at 0x000001CA4BC81A20>, <sqlite3.Row object at 0x000001CA4BC819C0>, <sqlite3.Row object at 0x000001CA4BC82440>, <sqlite3.Row object at 0x000001CA4BC81C60>, <sqlite3.Row object at 0x000001CA4BC82470>, <sqlite3.Row object at 0x000001CA4BC824A0>, <sqlite3.Row object at 0x000001CA4BC824D0>, <sqlite3.Row object at 0x000001CA4BC82170>, <sqlite3.Row object at 0x000001CA4BC821A0>, <sqlite3.Row object at 0x000001CA4BC81B40>, <sqlite3.Row object at 0x000001CA4BC82320>, <sqlite3.Row object at 0x000001CA4BC82140>, <sqlite3.Row object at 0x000001CA4BC823E0>, <sqlite3.Row object at 0x000001CA4BC82290>, <sqlite3.Row object at 0x000001CA4BC822F0>, <sqlite3.Row object at 0x000001CA4BC82500>, <sqlite3.Row object at 0x000001CA4BC82260>, <sqlite3.Row object at 0x000001CA4BC82230>, <sqlite3.Row object at 0x000001CA4BC82410>, <sqlite3.Row object at 0x000001CA4BC82200>, <sqlite3.Row object at 0x000001CA4BC822C0>, <sqlite3.Row object at 0x000001CA4BC823B0>, <sqlite3.Row object at 0x000001CA4BC81BD0>, <sqlite3.Row object at 0x000001CA4BC816F0>, <sqlite3.Row object at 0x000001CA4BC83B20>, <sqlite3.Row object at 0x000001CA4BC82530>, <sqlite3.Row object at 0x000001CA4BC825C0>, <sqlite3.Row object at 0x000001CA4BC821D0>, <sqlite3.Row object at 0x000001CA4BC819F0>, <sqlite3.Row object at 0x000001CA4BC81AE0>]
2025-05-27 10:07:09,437 - admin_debug - DEBUG - Colunas na tabela registros: [<sqlite3.Row object at 0x000001CA4BC812D0>, <sqlite3.Row object at 0x000001CA4BC81BA0>, <sqlite3.Row object at 0x000001CA4BC81D20>, <sqlite3.Row object at 0x000001CA4BC82620>, <sqlite3.Row object at 0x000001CA4BC81ED0>, <sqlite3.Row object at 0x000001CA4BC81F00>, <sqlite3.Row object at 0x000001CA4BC82350>, <sqlite3.Row object at 0x000001CA4BC81FF0>, <sqlite3.Row object at 0x000001CA4BC820E0>, <sqlite3.Row object at 0x000001CA4BC82110>, <sqlite3.Row object at 0x000001CA4BC82080>, <sqlite3.Row object at 0x000001CA4BC82050>, <sqlite3.Row object at 0x000001CA4BC81FC0>, <sqlite3.Row object at 0x000001CA4BC81A50>, <sqlite3.Row object at 0x000001CA4BC81F30>, <sqlite3.Row object at 0x000001CA4BC81E70>, <sqlite3.Row object at 0x000001CA4BC81F60>, <sqlite3.Row object at 0x000001CA4BC81EA0>, <sqlite3.Row object at 0x000001CA4BC81F90>, <sqlite3.Row object at 0x000001CA4BC81E10>, <sqlite3.Row object at 0x000001CA4BC820B0>, <sqlite3.Row object at 0x000001CA4BC81D50>, <sqlite3.Row object at 0x000001CA4BC81D80>, <sqlite3.Row object at 0x000001CA4BC81B70>, <sqlite3.Row object at 0x000001CA4BC82380>, <sqlite3.Row object at 0x000001CA4BC81A20>, <sqlite3.Row object at 0x000001CA4BC819C0>, <sqlite3.Row object at 0x000001CA4BC82440>, <sqlite3.Row object at 0x000001CA4BC81C60>, <sqlite3.Row object at 0x000001CA4BC82470>, <sqlite3.Row object at 0x000001CA4BC824A0>, <sqlite3.Row object at 0x000001CA4BC824D0>, <sqlite3.Row object at 0x000001CA4BC82170>, <sqlite3.Row object at 0x000001CA4BC821A0>, <sqlite3.Row object at 0x000001CA4BC81B40>, <sqlite3.Row object at 0x000001CA4BC82320>, <sqlite3.Row object at 0x000001CA4BC82140>, <sqlite3.Row object at 0x000001CA4BC823E0>, <sqlite3.Row object at 0x000001CA4BC82290>, <sqlite3.Row object at 0x000001CA4BC822F0>, <sqlite3.Row object at 0x000001CA4BC82500>, <sqlite3.Row object at 0x000001CA4BC82260>, <sqlite3.Row object at 0x000001CA4BC82230>, <sqlite3.Row object at 0x000001CA4BC82410>, <sqlite3.Row object at 0x000001CA4BC82200>, <sqlite3.Row object at 0x000001CA4BC822C0>, <sqlite3.Row object at 0x000001CA4BC823B0>, <sqlite3.Row object at 0x000001CA4BC81BD0>, <sqlite3.Row object at 0x000001CA4BC816F0>, <sqlite3.Row object at 0x000001CA4BC83B20>, <sqlite3.Row object at 0x000001CA4BC82530>, <sqlite3.Row object at 0x000001CA4BC825C0>, <sqlite3.Row object at 0x000001CA4BC821D0>, <sqlite3.Row object at 0x000001CA4BC819F0>, <sqlite3.Row object at 0x000001CA4BC81AE0>]
2025-05-27 10:07:09,437 - admin_debug - DEBUG - QUERY SQL: SELECT COUNT(*) FROM registros WHERE excluido = 0
2025-05-27 10:07:09,437 - admin_debug - DEBUG - Total de registros: 1
2025-05-27 10:07:09,438 - admin_debug - DEBUG - QUERY SQL: SELECT COUNT(*) FROM registros WHERE data_registro >= date('now', '-7 days') AND excluido = 0
2025-05-27 10:07:09,439 - admin_debug - DEBUG - Registros da última semana: 1
2025-05-27 10:07:09,439 - admin_debug - DEBUG - QUERY SQL: PRAGMA table_info(registros)
2025-05-27 10:07:09,440 - admin_debug - DEBUG - QUERY SQL: SELECT COUNT(*) FROM registros WHERE data_modificacao >= datetime('now', '-7 days') AND excluido = 0
2025-05-27 10:07:09,441 - admin_debug - DEBUG - Registros atualizados na última semana: 1
2025-05-27 10:07:09,441 - admin_debug - DEBUG - QUERY SQL: SELECT COUNT(*) as total FROM registros WHERE alteracoes_verificadas = 1 AND excluido = 0
2025-05-27 10:07:09,441 - admin_debug - DEBUG - Total de alterações verificadas: 0
2025-05-27 10:07:09,442 - admin_debug - DEBUG - QUERY SQL: 
                        SELECT usuario, COUNT(*) as total_acoes
                        FROM logs
                        GROUP BY usuario
                        ORDER BY total_acoes DESC
                        LIMIT 5
                    
2025-05-27 10:07:09,442 - admin_debug - DEBUG - Atividade por usuário: 1 registros
2025-05-27 10:07:09,442 - admin_debug - INFO - Dashboard administrativo carregado com sucesso
2025-05-27 10:10:14,075 - admin_debug - INFO - Iniciando carregamento do dashboard administrativo
2025-05-27 10:10:14,076 - admin_debug - DEBUG - TABELAS NO BANCO: [<sqlite3.Row object at 0x000001CA4BC806A0>, <sqlite3.Row object at 0x000001CA4BC82EF0>, <sqlite3.Row object at 0x000001CA4BC80FA0>, <sqlite3.Row object at 0x000001CA4BC80190>, <sqlite3.Row object at 0x000001CA4BC81E70>, <sqlite3.Row object at 0x000001CA4BC80310>, <sqlite3.Row object at 0x000001CA4BC803A0>, <sqlite3.Row object at 0x000001CA4BC83580>, <sqlite3.Row object at 0x000001CA4BC83220>, <sqlite3.Row object at 0x000001CA4BC81870>, <sqlite3.Row object at 0x000001CA4BC82650>, <sqlite3.Row object at 0x000001CA4BC82920>, <sqlite3.Row object at 0x000001CA4BC83280>]
2025-05-27 10:10:14,076 - admin_debug - DEBUG - QUERY SQL: SELECT COUNT(*) FROM usuarios
2025-05-27 10:10:14,077 - admin_debug - DEBUG - Total de usuários: 19
2025-05-27 10:10:14,077 - admin_debug - DEBUG - QUERY SQL: SELECT COUNT(*) FROM usuarios WHERE nivel = 'admin'
2025-05-27 10:10:14,078 - admin_debug - DEBUG - Total de admins: 5
2025-05-27 10:10:14,078 - admin_debug - DEBUG - QUERY SQL: SELECT COUNT(*) FROM usuarios WHERE nivel = 'comum'
2025-05-27 10:10:14,078 - admin_debug - DEBUG - Total de usuários comuns: 7
2025-05-27 10:10:14,078 - admin_debug - DEBUG - QUERY SQL: SELECT COUNT(*) FROM usuarios WHERE nivel = 'gr'
2025-05-27 10:10:14,079 - admin_debug - DEBUG - Total de usuários GR: 7
2025-05-27 10:10:14,079 - admin_debug - DEBUG - QUERY SQL: SELECT name FROM sqlite_master WHERE type='table' AND name='solicitacoes_senha'
2025-05-27 10:10:14,080 - admin_debug - DEBUG - QUERY SQL: SELECT COUNT(*) FROM solicitacoes_senha WHERE status = 'pendente'
2025-05-27 10:10:14,080 - admin_debug - DEBUG - Solicitações de senha pendentes: 0
2025-05-27 10:10:14,081 - admin_debug - DEBUG - QUERY SQL: SELECT name FROM sqlite_master WHERE type='table' AND name='solicitacoes_registro'
2025-05-27 10:10:14,081 - admin_debug - DEBUG - QUERY SQL: SELECT COUNT(*) FROM solicitacoes_registro WHERE status = 'pendente'
2025-05-27 10:10:14,082 - admin_debug - DEBUG - Solicitações de registro pendentes: 1
2025-05-27 10:10:14,088 - admin_debug - DEBUG - QUERY SQL: SELECT name FROM sqlite_master WHERE type='table' AND name='logs'
2025-05-27 10:10:14,091 - admin_debug - DEBUG - SCHEMA DE logs: [<sqlite3.Row object at 0x000001CA4BC806A0>, <sqlite3.Row object at 0x000001CA4BC82920>, <sqlite3.Row object at 0x000001CA4BC83280>, <sqlite3.Row object at 0x000001CA4BC827A0>, <sqlite3.Row object at 0x000001CA4BC826B0>]
2025-05-27 10:10:14,094 - admin_debug - DEBUG - QUERY SQL: SELECT name FROM sqlite_master WHERE type='table' AND name='usuarios'
2025-05-27 10:10:14,096 - admin_debug - DEBUG - QUERY SQL: 
                            SELECT l.*, u.username
                            FROM logs l
                            LEFT JOIN usuarios u ON l.usuario = u.username
                            ORDER BY l.data DESC
                            LIMIT 10
                        
2025-05-27 10:10:14,097 - admin_debug - DEBUG - Logs recentes: 1 registros
2025-05-27 10:10:14,097 - admin_debug - DEBUG - QUERY SQL: SELECT name FROM sqlite_master WHERE type='table' AND name='registros'
2025-05-27 10:10:14,098 - admin_debug - DEBUG - SCHEMA DE registros: [<sqlite3.Row object at 0x000001CA4BC827A0>, <sqlite3.Row object at 0x000001CA4BC83400>, <sqlite3.Row object at 0x000001CA4BC80430>, <sqlite3.Row object at 0x000001CA4BC83040>, <sqlite3.Row object at 0x000001CA4BC82AD0>, <sqlite3.Row object at 0x000001CA4BC82C20>, <sqlite3.Row object at 0x000001CA4BC82B30>, <sqlite3.Row object at 0x000001CA4BC82C50>, <sqlite3.Row object at 0x000001CA4BC83880>, <sqlite3.Row object at 0x000001CA4BC82EC0>, <sqlite3.Row object at 0x000001CA4BC83100>, <sqlite3.Row object at 0x000001CA4BC80D00>, <sqlite3.Row object at 0x000001CA4BC80550>, <sqlite3.Row object at 0x000001CA4BC82830>, <sqlite3.Row object at 0x000001CA4BC80460>, <sqlite3.Row object at 0x000001CA4BC80130>, <sqlite3.Row object at 0x000001CA4BC80580>, <sqlite3.Row object at 0x000001CA4BC80160>, <sqlite3.Row object at 0x000001CA4BC800D0>, <sqlite3.Row object at 0x000001CA4BC82F50>, <sqlite3.Row object at 0x000001CA4BC82E90>, <sqlite3.Row object at 0x000001CA4BC82890>, <sqlite3.Row object at 0x000001CA4BC829E0>, <sqlite3.Row object at 0x000001CA4BC80AF0>, <sqlite3.Row object at 0x000001CA4BC82FE0>, <sqlite3.Row object at 0x000001CA4BC80940>, <sqlite3.Row object at 0x000001CA4BC80CD0>, <sqlite3.Row object at 0x000001CA4BC82D40>, <sqlite3.Row object at 0x000001CA4BC818A0>, <sqlite3.Row object at 0x000001CA4BC82860>, <sqlite3.Row object at 0x000001CA4BC80280>, <sqlite3.Row object at 0x000001CA4BC80F70>, <sqlite3.Row object at 0x000001CA4BC800A0>, <sqlite3.Row object at 0x000001CA4BC80040>, <sqlite3.Row object at 0x000001CA4BC829B0>, <sqlite3.Row object at 0x000001CA4BC801F0>, <sqlite3.Row object at 0x000001CA4BC80220>, <sqlite3.Row object at 0x000001CA4BC802E0>, <sqlite3.Row object at 0x000001CA4BC80A30>, <sqlite3.Row object at 0x000001CA4BC82DD0>, <sqlite3.Row object at 0x000001CA4BC80850>, <sqlite3.Row object at 0x000001CA4BC80610>, <sqlite3.Row object at 0x000001CA4BC80BE0>, <sqlite3.Row object at 0x000001CA4BC808E0>, <sqlite3.Row object at 0x000001CA4BC82BF0>, <sqlite3.Row object at 0x000001CA4BC80B20>, <sqlite3.Row object at 0x000001CA4BC82B90>, <sqlite3.Row object at 0x000001CA4BC82D10>, <sqlite3.Row object at 0x000001CA4BC82B00>, <sqlite3.Row object at 0x000001CA4BC82A10>, <sqlite3.Row object at 0x000001CA4BC833D0>, <sqlite3.Row object at 0x000001CA4BC81930>, <sqlite3.Row object at 0x000001CA4BC80C40>, <sqlite3.Row object at 0x000001CA4BC82F20>, <sqlite3.Row object at 0x000001CA4BC81DB0>]
2025-05-27 10:10:14,099 - admin_debug - DEBUG - Colunas na tabela registros: [<sqlite3.Row object at 0x000001CA4BC827A0>, <sqlite3.Row object at 0x000001CA4BC83400>, <sqlite3.Row object at 0x000001CA4BC80430>, <sqlite3.Row object at 0x000001CA4BC83040>, <sqlite3.Row object at 0x000001CA4BC82AD0>, <sqlite3.Row object at 0x000001CA4BC82C20>, <sqlite3.Row object at 0x000001CA4BC82B30>, <sqlite3.Row object at 0x000001CA4BC82C50>, <sqlite3.Row object at 0x000001CA4BC83880>, <sqlite3.Row object at 0x000001CA4BC82EC0>, <sqlite3.Row object at 0x000001CA4BC83100>, <sqlite3.Row object at 0x000001CA4BC80D00>, <sqlite3.Row object at 0x000001CA4BC80550>, <sqlite3.Row object at 0x000001CA4BC82830>, <sqlite3.Row object at 0x000001CA4BC80460>, <sqlite3.Row object at 0x000001CA4BC80130>, <sqlite3.Row object at 0x000001CA4BC80580>, <sqlite3.Row object at 0x000001CA4BC80160>, <sqlite3.Row object at 0x000001CA4BC800D0>, <sqlite3.Row object at 0x000001CA4BC82F50>, <sqlite3.Row object at 0x000001CA4BC82E90>, <sqlite3.Row object at 0x000001CA4BC82890>, <sqlite3.Row object at 0x000001CA4BC829E0>, <sqlite3.Row object at 0x000001CA4BC80AF0>, <sqlite3.Row object at 0x000001CA4BC82FE0>, <sqlite3.Row object at 0x000001CA4BC80940>, <sqlite3.Row object at 0x000001CA4BC80CD0>, <sqlite3.Row object at 0x000001CA4BC82D40>, <sqlite3.Row object at 0x000001CA4BC818A0>, <sqlite3.Row object at 0x000001CA4BC82860>, <sqlite3.Row object at 0x000001CA4BC80280>, <sqlite3.Row object at 0x000001CA4BC80F70>, <sqlite3.Row object at 0x000001CA4BC800A0>, <sqlite3.Row object at 0x000001CA4BC80040>, <sqlite3.Row object at 0x000001CA4BC829B0>, <sqlite3.Row object at 0x000001CA4BC801F0>, <sqlite3.Row object at 0x000001CA4BC80220>, <sqlite3.Row object at 0x000001CA4BC802E0>, <sqlite3.Row object at 0x000001CA4BC80A30>, <sqlite3.Row object at 0x000001CA4BC82DD0>, <sqlite3.Row object at 0x000001CA4BC80850>, <sqlite3.Row object at 0x000001CA4BC80610>, <sqlite3.Row object at 0x000001CA4BC80BE0>, <sqlite3.Row object at 0x000001CA4BC808E0>, <sqlite3.Row object at 0x000001CA4BC82BF0>, <sqlite3.Row object at 0x000001CA4BC80B20>, <sqlite3.Row object at 0x000001CA4BC82B90>, <sqlite3.Row object at 0x000001CA4BC82D10>, <sqlite3.Row object at 0x000001CA4BC82B00>, <sqlite3.Row object at 0x000001CA4BC82A10>, <sqlite3.Row object at 0x000001CA4BC833D0>, <sqlite3.Row object at 0x000001CA4BC81930>, <sqlite3.Row object at 0x000001CA4BC80C40>, <sqlite3.Row object at 0x000001CA4BC82F20>, <sqlite3.Row object at 0x000001CA4BC81DB0>]
2025-05-27 10:10:14,100 - admin_debug - DEBUG - QUERY SQL: SELECT COUNT(*) FROM registros WHERE excluido = 0
2025-05-27 10:10:14,101 - admin_debug - DEBUG - Total de registros: 1
2025-05-27 10:10:14,102 - admin_debug - DEBUG - QUERY SQL: SELECT COUNT(*) FROM registros WHERE data_registro >= date('now', '-7 days') AND excluido = 0
2025-05-27 10:10:14,105 - admin_debug - DEBUG - Registros da última semana: 1
2025-05-27 10:10:14,105 - admin_debug - DEBUG - QUERY SQL: PRAGMA table_info(registros)
2025-05-27 10:10:14,105 - admin_debug - DEBUG - QUERY SQL: SELECT COUNT(*) FROM registros WHERE data_modificacao >= datetime('now', '-7 days') AND excluido = 0
2025-05-27 10:10:14,106 - admin_debug - DEBUG - Registros atualizados na última semana: 1
2025-05-27 10:10:14,106 - admin_debug - DEBUG - QUERY SQL: SELECT COUNT(*) as total FROM registros WHERE alteracoes_verificadas = 1 AND excluido = 0
2025-05-27 10:10:14,110 - admin_debug - DEBUG - Total de alterações verificadas: 0
2025-05-27 10:10:14,113 - admin_debug - DEBUG - QUERY SQL: 
                        SELECT usuario, COUNT(*) as total_acoes
                        FROM logs
                        GROUP BY usuario
                        ORDER BY total_acoes DESC
                        LIMIT 5
                    
2025-05-27 10:10:14,114 - admin_debug - DEBUG - Atividade por usuário: 1 registros
2025-05-27 10:10:14,117 - admin_debug - INFO - Dashboard administrativo carregado com sucesso
