2025-05-23 15:31:36,997 - admin_debug - INFO - Iniciando carregamento do dashboard administrativo
2025-05-23 15:31:36,998 - admin_debug - DEBUG - TABELAS NO BANCO: [<sqlite3.Row object at 0x00000284878B0670>, <sqlite3.Row object at 0x00000284878B0700>, <sqlite3.Row object at 0x00000284878B0730>, <sqlite3.Row object at 0x00000284878B0760>, <sqlite3.Row object at 0x00000284878B0790>, <sqlite3.Row object at 0x00000284878B07C0>, <sqlite3.Row object at 0x00000284878B07F0>, <sqlite3.Row object at 0x00000284878B0850>, <sqlite3.Row object at 0x00000284878B08B0>, <sqlite3.Row object at 0x00000284878B0910>, <sqlite3.Row object at 0x00000284878B0970>, <sqlite3.Row object at 0x00000284878B09D0>, <sqlite3.Row object at 0x00000284878B0A30>]
2025-05-23 15:31:36,998 - admin_debug - DEBUG - QUERY SQL: SELECT COUNT(*) FROM usuarios
2025-05-23 15:31:36,998 - admin_debug - DEBUG - Total de usuários: 13
2025-05-23 15:31:36,998 - admin_debug - DEBUG - QUERY SQL: SELECT COUNT(*) FROM usuarios WHERE nivel = 'admin'
2025-05-23 15:31:36,998 - admin_debug - DEBUG - Total de admins: 5
2025-05-23 15:31:36,998 - admin_debug - DEBUG - QUERY SQL: SELECT COUNT(*) FROM usuarios WHERE nivel = 'comum'
2025-05-23 15:31:36,998 - admin_debug - DEBUG - Total de usuários comuns: 2
2025-05-23 15:31:36,998 - admin_debug - DEBUG - QUERY SQL: SELECT COUNT(*) FROM usuarios WHERE nivel = 'gr'
2025-05-23 15:31:36,998 - admin_debug - DEBUG - Total de usuários GR: 6
2025-05-23 15:31:36,998 - admin_debug - DEBUG - QUERY SQL: SELECT name FROM sqlite_master WHERE type='table' AND name='solicitacoes_senha'
2025-05-23 15:31:36,998 - admin_debug - DEBUG - QUERY SQL: SELECT COUNT(*) FROM solicitacoes_senha WHERE status = 'pendente'
2025-05-23 15:31:36,998 - admin_debug - DEBUG - Solicitações de senha pendentes: 1
2025-05-23 15:31:36,998 - admin_debug - DEBUG - QUERY SQL: SELECT name FROM sqlite_master WHERE type='table' AND name='solicitacoes_registro'
2025-05-23 15:31:37,003 - admin_debug - DEBUG - QUERY SQL: SELECT COUNT(*) FROM solicitacoes_registro WHERE status = 'pendente'
2025-05-23 15:31:37,004 - admin_debug - DEBUG - Solicitações de registro pendentes: 0
2025-05-23 15:31:37,004 - admin_debug - DEBUG - QUERY SQL: SELECT name FROM sqlite_master WHERE type='table' AND name='logs'
2025-05-23 15:31:37,004 - admin_debug - DEBUG - SCHEMA DE logs: [<sqlite3.Row object at 0x00000284878B0670>, <sqlite3.Row object at 0x00000284878B09D0>, <sqlite3.Row object at 0x00000284878B0A30>, <sqlite3.Row object at 0x00000284878B0A90>, <sqlite3.Row object at 0x00000284878B0AC0>]
2025-05-23 15:31:37,005 - admin_debug - DEBUG - QUERY SQL: SELECT name FROM sqlite_master WHERE type='table' AND name='usuarios'
2025-05-23 15:31:37,005 - admin_debug - DEBUG - QUERY SQL: 
                            SELECT l.*, u.username
                            FROM logs l
                            LEFT JOIN usuarios u ON l.usuario = u.username
                            ORDER BY l.data DESC
                            LIMIT 10
                        
2025-05-23 15:31:37,006 - admin_debug - DEBUG - Logs recentes: 1 registros
2025-05-23 15:31:37,006 - admin_debug - DEBUG - QUERY SQL: SELECT name FROM sqlite_master WHERE type='table' AND name='registros'
2025-05-23 15:31:37,007 - admin_debug - DEBUG - SCHEMA DE registros: [<sqlite3.Row object at 0x00000284878B0A90>, <sqlite3.Row object at 0x00000284878B0B20>, <sqlite3.Row object at 0x00000284878B0B50>, <sqlite3.Row object at 0x00000284878B0B80>, <sqlite3.Row object at 0x00000284878B0BB0>, <sqlite3.Row object at 0x00000284878B0BE0>, <sqlite3.Row object at 0x00000284878B0C10>, <sqlite3.Row object at 0x00000284878B0C40>, <sqlite3.Row object at 0x00000284878B0C70>, <sqlite3.Row object at 0x00000284878B0CA0>, <sqlite3.Row object at 0x00000284878B0CD0>, <sqlite3.Row object at 0x00000284878B0D00>, <sqlite3.Row object at 0x00000284878B0D30>, <sqlite3.Row object at 0x00000284878B0D60>, <sqlite3.Row object at 0x00000284878B0D90>, <sqlite3.Row object at 0x00000284878B0DC0>, <sqlite3.Row object at 0x00000284878B0DF0>, <sqlite3.Row object at 0x00000284878B0E20>, <sqlite3.Row object at 0x00000284878B0E50>, <sqlite3.Row object at 0x00000284878B0E80>, <sqlite3.Row object at 0x00000284878B0EB0>, <sqlite3.Row object at 0x00000284878B0EE0>, <sqlite3.Row object at 0x00000284878B0F10>, <sqlite3.Row object at 0x00000284878B0F40>, <sqlite3.Row object at 0x00000284878B0F70>, <sqlite3.Row object at 0x00000284878B0FA0>, <sqlite3.Row object at 0x00000284878B0FD0>, <sqlite3.Row object at 0x00000284878B1000>, <sqlite3.Row object at 0x00000284878B1030>, <sqlite3.Row object at 0x00000284878B1060>, <sqlite3.Row object at 0x00000284878B1090>, <sqlite3.Row object at 0x00000284878B10C0>, <sqlite3.Row object at 0x00000284878B10F0>, <sqlite3.Row object at 0x00000284878B1120>, <sqlite3.Row object at 0x00000284878B1150>, <sqlite3.Row object at 0x00000284878B1180>, <sqlite3.Row object at 0x00000284878B11B0>, <sqlite3.Row object at 0x00000284878B11E0>, <sqlite3.Row object at 0x00000284878B1210>, <sqlite3.Row object at 0x00000284878B1240>, <sqlite3.Row object at 0x00000284878B1270>, <sqlite3.Row object at 0x00000284878B12A0>, <sqlite3.Row object at 0x00000284878B12D0>, <sqlite3.Row object at 0x00000284878B1300>, <sqlite3.Row object at 0x00000284878B1330>, <sqlite3.Row object at 0x00000284878B1360>, <sqlite3.Row object at 0x00000284878B1390>, <sqlite3.Row object at 0x00000284878B13C0>, <sqlite3.Row object at 0x00000284878B13F0>, <sqlite3.Row object at 0x00000284878B1420>, <sqlite3.Row object at 0x00000284878B1450>, <sqlite3.Row object at 0x00000284878B1480>, <sqlite3.Row object at 0x00000284878B14B0>, <sqlite3.Row object at 0x00000284878B14E0>]
2025-05-23 15:31:37,007 - admin_debug - DEBUG - Colunas na tabela registros: [<sqlite3.Row object at 0x00000284878B0A90>, <sqlite3.Row object at 0x00000284878B0B20>, <sqlite3.Row object at 0x00000284878B0B50>, <sqlite3.Row object at 0x00000284878B0B80>, <sqlite3.Row object at 0x00000284878B0BB0>, <sqlite3.Row object at 0x00000284878B0BE0>, <sqlite3.Row object at 0x00000284878B0C10>, <sqlite3.Row object at 0x00000284878B0C40>, <sqlite3.Row object at 0x00000284878B0C70>, <sqlite3.Row object at 0x00000284878B0CA0>, <sqlite3.Row object at 0x00000284878B0CD0>, <sqlite3.Row object at 0x00000284878B0D00>, <sqlite3.Row object at 0x00000284878B0D30>, <sqlite3.Row object at 0x00000284878B0D60>, <sqlite3.Row object at 0x00000284878B0D90>, <sqlite3.Row object at 0x00000284878B0DC0>, <sqlite3.Row object at 0x00000284878B0DF0>, <sqlite3.Row object at 0x00000284878B0E20>, <sqlite3.Row object at 0x00000284878B0E50>, <sqlite3.Row object at 0x00000284878B0E80>, <sqlite3.Row object at 0x00000284878B0EB0>, <sqlite3.Row object at 0x00000284878B0EE0>, <sqlite3.Row object at 0x00000284878B0F10>, <sqlite3.Row object at 0x00000284878B0F40>, <sqlite3.Row object at 0x00000284878B0F70>, <sqlite3.Row object at 0x00000284878B0FA0>, <sqlite3.Row object at 0x00000284878B0FD0>, <sqlite3.Row object at 0x00000284878B1000>, <sqlite3.Row object at 0x00000284878B1030>, <sqlite3.Row object at 0x00000284878B1060>, <sqlite3.Row object at 0x00000284878B1090>, <sqlite3.Row object at 0x00000284878B10C0>, <sqlite3.Row object at 0x00000284878B10F0>, <sqlite3.Row object at 0x00000284878B1120>, <sqlite3.Row object at 0x00000284878B1150>, <sqlite3.Row object at 0x00000284878B1180>, <sqlite3.Row object at 0x00000284878B11B0>, <sqlite3.Row object at 0x00000284878B11E0>, <sqlite3.Row object at 0x00000284878B1210>, <sqlite3.Row object at 0x00000284878B1240>, <sqlite3.Row object at 0x00000284878B1270>, <sqlite3.Row object at 0x00000284878B12A0>, <sqlite3.Row object at 0x00000284878B12D0>, <sqlite3.Row object at 0x00000284878B1300>, <sqlite3.Row object at 0x00000284878B1330>, <sqlite3.Row object at 0x00000284878B1360>, <sqlite3.Row object at 0x00000284878B1390>, <sqlite3.Row object at 0x00000284878B13C0>, <sqlite3.Row object at 0x00000284878B13F0>, <sqlite3.Row object at 0x00000284878B1420>, <sqlite3.Row object at 0x00000284878B1450>, <sqlite3.Row object at 0x00000284878B1480>, <sqlite3.Row object at 0x00000284878B14B0>, <sqlite3.Row object at 0x00000284878B14E0>]
2025-05-23 15:31:37,008 - admin_debug - DEBUG - QUERY SQL: SELECT COUNT(*) FROM registros WHERE excluido = 0
2025-05-23 15:31:37,008 - admin_debug - DEBUG - Total de registros: 1
2025-05-23 15:31:37,009 - admin_debug - DEBUG - QUERY SQL: SELECT COUNT(*) FROM registros WHERE data_registro >= date('now', '-7 days') AND excluido = 0
2025-05-23 15:31:37,009 - admin_debug - DEBUG - Registros da última semana: 1
2025-05-23 15:31:37,009 - admin_debug - DEBUG - QUERY SQL: PRAGMA table_info(registros)
2025-05-23 15:31:37,010 - admin_debug - DEBUG - QUERY SQL: SELECT COUNT(*) FROM registros WHERE data_modificacao >= datetime('now', '-7 days') AND excluido = 0
2025-05-23 15:31:37,010 - admin_debug - DEBUG - Registros atualizados na última semana: 0
2025-05-23 15:31:37,010 - admin_debug - DEBUG - QUERY SQL: SELECT COUNT(*) as total FROM registros WHERE alteracoes_verificadas = 1 AND excluido = 0
2025-05-23 15:31:37,010 - admin_debug - DEBUG - Total de alterações verificadas: 0
2025-05-23 15:31:37,010 - admin_debug - DEBUG - QUERY SQL: 
                        SELECT usuario, COUNT(*) as total_acoes
                        FROM logs
                        GROUP BY usuario
                        ORDER BY total_acoes DESC
                        LIMIT 5
                    
2025-05-23 15:31:37,010 - admin_debug - DEBUG - Atividade por usuário: 1 registros
2025-05-23 15:31:37,010 - admin_debug - INFO - Dashboard administrativo carregado com sucesso
2025-05-23 15:31:38,037 - admin_debug - INFO - Iniciando carregamento do dashboard administrativo
2025-05-23 15:31:38,039 - admin_debug - DEBUG - TABELAS NO BANCO: [<sqlite3.Row object at 0x00000284878FFB20>, <sqlite3.Row object at 0x00000284878FFBB0>, <sqlite3.Row object at 0x00000284878FFBE0>, <sqlite3.Row object at 0x00000284878FFC10>, <sqlite3.Row object at 0x00000284878FFC40>, <sqlite3.Row object at 0x00000284878FFC70>, <sqlite3.Row object at 0x00000284878FFCA0>, <sqlite3.Row object at 0x00000284878FFCD0>, <sqlite3.Row object at 0x00000284878FFD00>, <sqlite3.Row object at 0x00000284878FFD30>, <sqlite3.Row object at 0x00000284878FFD60>, <sqlite3.Row object at 0x00000284878FFD90>, <sqlite3.Row object at 0x00000284878FFDC0>]
2025-05-23 15:31:38,040 - admin_debug - DEBUG - QUERY SQL: SELECT COUNT(*) FROM usuarios
2025-05-23 15:31:38,040 - admin_debug - DEBUG - Total de usuários: 13
2025-05-23 15:31:38,040 - admin_debug - DEBUG - QUERY SQL: SELECT COUNT(*) FROM usuarios WHERE nivel = 'admin'
2025-05-23 15:31:38,041 - admin_debug - DEBUG - Total de admins: 5
2025-05-23 15:31:38,041 - admin_debug - DEBUG - QUERY SQL: SELECT COUNT(*) FROM usuarios WHERE nivel = 'comum'
2025-05-23 15:31:38,041 - admin_debug - DEBUG - Total de usuários comuns: 2
2025-05-23 15:31:38,041 - admin_debug - DEBUG - QUERY SQL: SELECT COUNT(*) FROM usuarios WHERE nivel = 'gr'
2025-05-23 15:31:38,042 - admin_debug - DEBUG - Total de usuários GR: 6
2025-05-23 15:31:38,042 - admin_debug - DEBUG - QUERY SQL: SELECT name FROM sqlite_master WHERE type='table' AND name='solicitacoes_senha'
2025-05-23 15:31:38,042 - admin_debug - DEBUG - QUERY SQL: SELECT COUNT(*) FROM solicitacoes_senha WHERE status = 'pendente'
2025-05-23 15:31:38,043 - admin_debug - DEBUG - Solicitações de senha pendentes: 1
2025-05-23 15:31:38,043 - admin_debug - DEBUG - QUERY SQL: SELECT name FROM sqlite_master WHERE type='table' AND name='solicitacoes_registro'
2025-05-23 15:31:38,043 - admin_debug - DEBUG - QUERY SQL: SELECT COUNT(*) FROM solicitacoes_registro WHERE status = 'pendente'
2025-05-23 15:31:38,043 - admin_debug - DEBUG - Solicitações de registro pendentes: 0
2025-05-23 15:31:38,044 - admin_debug - DEBUG - QUERY SQL: SELECT name FROM sqlite_master WHERE type='table' AND name='logs'
2025-05-23 15:31:38,045 - admin_debug - DEBUG - SCHEMA DE logs: [<sqlite3.Row object at 0x00000284878FFB20>, <sqlite3.Row object at 0x00000284878FFD90>, <sqlite3.Row object at 0x00000284878FFDC0>, <sqlite3.Row object at 0x00000284878FFDF0>, <sqlite3.Row object at 0x00000284878FFE20>]
2025-05-23 15:31:38,045 - admin_debug - DEBUG - QUERY SQL: SELECT name FROM sqlite_master WHERE type='table' AND name='usuarios'
2025-05-23 15:31:38,045 - admin_debug - DEBUG - QUERY SQL: 
                            SELECT l.*, u.username
                            FROM logs l
                            LEFT JOIN usuarios u ON l.usuario = u.username
                            ORDER BY l.data DESC
                            LIMIT 10
                        
2025-05-23 15:31:38,045 - admin_debug - DEBUG - Logs recentes: 1 registros
2025-05-23 15:31:38,046 - admin_debug - DEBUG - QUERY SQL: SELECT name FROM sqlite_master WHERE type='table' AND name='registros'
2025-05-23 15:31:38,046 - admin_debug - DEBUG - SCHEMA DE registros: [<sqlite3.Row object at 0x00000284878FFDF0>, <sqlite3.Row object at 0x00000284878FFE80>, <sqlite3.Row object at 0x00000284878FFEB0>, <sqlite3.Row object at 0x00000284878FFEE0>, <sqlite3.Row object at 0x00000284878FFF10>, <sqlite3.Row object at 0x00000284878FFF40>, <sqlite3.Row object at 0x00000284878FFF70>, <sqlite3.Row object at 0x00000284878FFFA0>, <sqlite3.Row object at 0x00000284878FFFD0>, <sqlite3.Row object at 0x00000284878FF1F0>, <sqlite3.Row object at 0x00000284878FF1C0>, <sqlite3.Row object at 0x00000284878FF160>, <sqlite3.Row object at 0x00000284878FF130>, <sqlite3.Row object at 0x00000284878FF100>, <sqlite3.Row object at 0x00000284878FF0D0>, <sqlite3.Row object at 0x00000284878FF0A0>, <sqlite3.Row object at 0x00000284878FF070>, <sqlite3.Row object at 0x00000284878FF040>, <sqlite3.Row object at 0x00000284878FF010>, <sqlite3.Row object at 0x00000284878FEFE0>, <sqlite3.Row object at 0x00000284878FEFB0>, <sqlite3.Row object at 0x00000284878FEF80>, <sqlite3.Row object at 0x00000284878FEF50>, <sqlite3.Row object at 0x00000284878FEF20>, <sqlite3.Row object at 0x00000284878FEEF0>, <sqlite3.Row object at 0x00000284878FEEC0>, <sqlite3.Row object at 0x00000284878FEE90>, <sqlite3.Row object at 0x00000284878FEE60>, <sqlite3.Row object at 0x00000284878FEE30>, <sqlite3.Row object at 0x00000284878FEE00>, <sqlite3.Row object at 0x00000284878FEDD0>, <sqlite3.Row object at 0x00000284878FEDA0>, <sqlite3.Row object at 0x00000284878FED70>, <sqlite3.Row object at 0x00000284878FED40>, <sqlite3.Row object at 0x00000284878FED10>, <sqlite3.Row object at 0x00000284878FECE0>, <sqlite3.Row object at 0x00000284878FECB0>, <sqlite3.Row object at 0x00000284878FEC80>, <sqlite3.Row object at 0x00000284878FEC50>, <sqlite3.Row object at 0x00000284878FEC20>, <sqlite3.Row object at 0x00000284878FEBF0>, <sqlite3.Row object at 0x00000284878FEBC0>, <sqlite3.Row object at 0x00000284878FEB90>, <sqlite3.Row object at 0x00000284878FEB60>, <sqlite3.Row object at 0x00000284878FEB30>, <sqlite3.Row object at 0x00000284878FEB00>, <sqlite3.Row object at 0x00000284878FEAD0>, <sqlite3.Row object at 0x00000284878FEAA0>, <sqlite3.Row object at 0x00000284878FEA70>, <sqlite3.Row object at 0x00000284878FEA40>, <sqlite3.Row object at 0x00000284878FEA10>, <sqlite3.Row object at 0x00000284878FE9E0>, <sqlite3.Row object at 0x00000284878FE9B0>, <sqlite3.Row object at 0x00000284878FE980>]
2025-05-23 15:31:38,046 - admin_debug - DEBUG - Colunas na tabela registros: [<sqlite3.Row object at 0x00000284878FFDF0>, <sqlite3.Row object at 0x00000284878FFE80>, <sqlite3.Row object at 0x00000284878FFEB0>, <sqlite3.Row object at 0x00000284878FFEE0>, <sqlite3.Row object at 0x00000284878FFF10>, <sqlite3.Row object at 0x00000284878FFF40>, <sqlite3.Row object at 0x00000284878FFF70>, <sqlite3.Row object at 0x00000284878FFFA0>, <sqlite3.Row object at 0x00000284878FFFD0>, <sqlite3.Row object at 0x00000284878FF1F0>, <sqlite3.Row object at 0x00000284878FF1C0>, <sqlite3.Row object at 0x00000284878FF160>, <sqlite3.Row object at 0x00000284878FF130>, <sqlite3.Row object at 0x00000284878FF100>, <sqlite3.Row object at 0x00000284878FF0D0>, <sqlite3.Row object at 0x00000284878FF0A0>, <sqlite3.Row object at 0x00000284878FF070>, <sqlite3.Row object at 0x00000284878FF040>, <sqlite3.Row object at 0x00000284878FF010>, <sqlite3.Row object at 0x00000284878FEFE0>, <sqlite3.Row object at 0x00000284878FEFB0>, <sqlite3.Row object at 0x00000284878FEF80>, <sqlite3.Row object at 0x00000284878FEF50>, <sqlite3.Row object at 0x00000284878FEF20>, <sqlite3.Row object at 0x00000284878FEEF0>, <sqlite3.Row object at 0x00000284878FEEC0>, <sqlite3.Row object at 0x00000284878FEE90>, <sqlite3.Row object at 0x00000284878FEE60>, <sqlite3.Row object at 0x00000284878FEE30>, <sqlite3.Row object at 0x00000284878FEE00>, <sqlite3.Row object at 0x00000284878FEDD0>, <sqlite3.Row object at 0x00000284878FEDA0>, <sqlite3.Row object at 0x00000284878FED70>, <sqlite3.Row object at 0x00000284878FED40>, <sqlite3.Row object at 0x00000284878FED10>, <sqlite3.Row object at 0x00000284878FECE0>, <sqlite3.Row object at 0x00000284878FECB0>, <sqlite3.Row object at 0x00000284878FEC80>, <sqlite3.Row object at 0x00000284878FEC50>, <sqlite3.Row object at 0x00000284878FEC20>, <sqlite3.Row object at 0x00000284878FEBF0>, <sqlite3.Row object at 0x00000284878FEBC0>, <sqlite3.Row object at 0x00000284878FEB90>, <sqlite3.Row object at 0x00000284878FEB60>, <sqlite3.Row object at 0x00000284878FEB30>, <sqlite3.Row object at 0x00000284878FEB00>, <sqlite3.Row object at 0x00000284878FEAD0>, <sqlite3.Row object at 0x00000284878FEAA0>, <sqlite3.Row object at 0x00000284878FEA70>, <sqlite3.Row object at 0x00000284878FEA40>, <sqlite3.Row object at 0x00000284878FEA10>, <sqlite3.Row object at 0x00000284878FE9E0>, <sqlite3.Row object at 0x00000284878FE9B0>, <sqlite3.Row object at 0x00000284878FE980>]
2025-05-23 15:31:38,047 - admin_debug - DEBUG - QUERY SQL: SELECT COUNT(*) FROM registros WHERE excluido = 0
2025-05-23 15:31:38,048 - admin_debug - DEBUG - Total de registros: 1
2025-05-23 15:31:38,048 - admin_debug - DEBUG - QUERY SQL: SELECT COUNT(*) FROM registros WHERE data_registro >= date('now', '-7 days') AND excluido = 0
2025-05-23 15:31:38,049 - admin_debug - DEBUG - Registros da última semana: 1
2025-05-23 15:31:38,050 - admin_debug - DEBUG - QUERY SQL: PRAGMA table_info(registros)
2025-05-23 15:31:38,051 - admin_debug - DEBUG - QUERY SQL: SELECT COUNT(*) FROM registros WHERE data_modificacao >= datetime('now', '-7 days') AND excluido = 0
2025-05-23 15:31:38,051 - admin_debug - DEBUG - Registros atualizados na última semana: 0
2025-05-23 15:31:38,052 - admin_debug - DEBUG - QUERY SQL: SELECT COUNT(*) as total FROM registros WHERE alteracoes_verificadas = 1 AND excluido = 0
2025-05-23 15:31:38,053 - admin_debug - DEBUG - Total de alterações verificadas: 0
2025-05-23 15:31:38,053 - admin_debug - DEBUG - QUERY SQL: 
                        SELECT usuario, COUNT(*) as total_acoes
                        FROM logs
                        GROUP BY usuario
                        ORDER BY total_acoes DESC
                        LIMIT 5
                    
2025-05-23 15:31:38,053 - admin_debug - DEBUG - Atividade por usuário: 1 registros
2025-05-23 15:31:38,053 - admin_debug - INFO - Dashboard administrativo carregado com sucesso
2025-05-23 15:31:38,448 - admin_debug - INFO - Iniciando carregamento do dashboard administrativo
2025-05-23 15:31:38,448 - admin_debug - DEBUG - TABELAS NO BANCO: [<sqlite3.Row object at 0x00000284878FE2F0>, <sqlite3.Row object at 0x00000284878FE2C0>, <sqlite3.Row object at 0x00000284878FE290>, <sqlite3.Row object at 0x00000284878FE5F0>, <sqlite3.Row object at 0x00000284878FE170>, <sqlite3.Row object at 0x00000284878FE140>, <sqlite3.Row object at 0x00000284878FE110>, <sqlite3.Row object at 0x00000284878FE0E0>, <sqlite3.Row object at 0x00000284878FE0B0>, <sqlite3.Row object at 0x00000284878FE080>, <sqlite3.Row object at 0x00000284878FE050>, <sqlite3.Row object at 0x00000284878FE020>, <sqlite3.Row object at 0x00000284878FDFF0>]
2025-05-23 15:31:38,448 - admin_debug - DEBUG - QUERY SQL: SELECT COUNT(*) FROM usuarios
2025-05-23 15:31:38,448 - admin_debug - DEBUG - Total de usuários: 13
2025-05-23 15:31:38,448 - admin_debug - DEBUG - QUERY SQL: SELECT COUNT(*) FROM usuarios WHERE nivel = 'admin'
2025-05-23 15:31:38,448 - admin_debug - DEBUG - Total de admins: 5
2025-05-23 15:31:38,448 - admin_debug - DEBUG - QUERY SQL: SELECT COUNT(*) FROM usuarios WHERE nivel = 'comum'
2025-05-23 15:31:38,448 - admin_debug - DEBUG - Total de usuários comuns: 2
2025-05-23 15:31:38,448 - admin_debug - DEBUG - QUERY SQL: SELECT COUNT(*) FROM usuarios WHERE nivel = 'gr'
2025-05-23 15:31:38,448 - admin_debug - DEBUG - Total de usuários GR: 6
2025-05-23 15:31:38,448 - admin_debug - DEBUG - QUERY SQL: SELECT name FROM sqlite_master WHERE type='table' AND name='solicitacoes_senha'
2025-05-23 15:31:38,448 - admin_debug - DEBUG - QUERY SQL: SELECT COUNT(*) FROM solicitacoes_senha WHERE status = 'pendente'
2025-05-23 15:31:38,448 - admin_debug - DEBUG - Solicitações de senha pendentes: 1
2025-05-23 15:31:38,454 - admin_debug - DEBUG - QUERY SQL: SELECT name FROM sqlite_master WHERE type='table' AND name='solicitacoes_registro'
2025-05-23 15:31:38,454 - admin_debug - DEBUG - QUERY SQL: SELECT COUNT(*) FROM solicitacoes_registro WHERE status = 'pendente'
2025-05-23 15:31:38,455 - admin_debug - DEBUG - Solicitações de registro pendentes: 0
2025-05-23 15:31:38,456 - admin_debug - DEBUG - QUERY SQL: SELECT name FROM sqlite_master WHERE type='table' AND name='logs'
2025-05-23 15:31:38,456 - admin_debug - DEBUG - SCHEMA DE logs: [<sqlite3.Row object at 0x0000028487863F40>, <sqlite3.Row object at 0x00000284878FDFC0>, <sqlite3.Row object at 0x00000284878FE0E0>, <sqlite3.Row object at 0x00000284878FE080>, <sqlite3.Row object at 0x00000284878FE320>]
2025-05-23 15:31:38,456 - admin_debug - DEBUG - QUERY SQL: SELECT name FROM sqlite_master WHERE type='table' AND name='usuarios'
2025-05-23 15:31:38,457 - admin_debug - DEBUG - QUERY SQL: 
                            SELECT l.*, u.username
                            FROM logs l
                            LEFT JOIN usuarios u ON l.usuario = u.username
                            ORDER BY l.data DESC
                            LIMIT 10
                        
2025-05-23 15:31:38,457 - admin_debug - DEBUG - Logs recentes: 1 registros
2025-05-23 15:31:38,458 - admin_debug - DEBUG - QUERY SQL: SELECT name FROM sqlite_master WHERE type='table' AND name='registros'
2025-05-23 15:31:38,458 - admin_debug - DEBUG - SCHEMA DE registros: [<sqlite3.Row object at 0x00000284878FE080>, <sqlite3.Row object at 0x00000284878FDF60>, <sqlite3.Row object at 0x00000284878FE110>, <sqlite3.Row object at 0x00000284878FDF00>, <sqlite3.Row object at 0x00000284878FDF30>, <sqlite3.Row object at 0x00000284878FFE80>, <sqlite3.Row object at 0x00000284878FFEB0>, <sqlite3.Row object at 0x00000284878FFEE0>, <sqlite3.Row object at 0x00000284878FFF10>, <sqlite3.Row object at 0x00000284878FFF40>, <sqlite3.Row object at 0x00000284878FFF70>, <sqlite3.Row object at 0x00000284878FFFA0>, <sqlite3.Row object at 0x00000284878FFFD0>, <sqlite3.Row object at 0x00000284878FF1F0>, <sqlite3.Row object at 0x00000284878FF1C0>, <sqlite3.Row object at 0x00000284878FF160>, <sqlite3.Row object at 0x00000284878FF130>, <sqlite3.Row object at 0x00000284878FF100>, <sqlite3.Row object at 0x00000284878FF0D0>, <sqlite3.Row object at 0x00000284878FF0A0>, <sqlite3.Row object at 0x00000284878FF070>, <sqlite3.Row object at 0x00000284878FF040>, <sqlite3.Row object at 0x00000284878FF010>, <sqlite3.Row object at 0x00000284878FEFE0>, <sqlite3.Row object at 0x00000284878FEFB0>, <sqlite3.Row object at 0x00000284878FEF80>, <sqlite3.Row object at 0x00000284878FEF50>, <sqlite3.Row object at 0x00000284878FEF20>, <sqlite3.Row object at 0x00000284878FEEF0>, <sqlite3.Row object at 0x00000284878FEEC0>, <sqlite3.Row object at 0x00000284878FEE90>, <sqlite3.Row object at 0x00000284878FEE60>, <sqlite3.Row object at 0x00000284878FEE30>, <sqlite3.Row object at 0x00000284878FEE00>, <sqlite3.Row object at 0x00000284878FEDD0>, <sqlite3.Row object at 0x00000284878FEDA0>, <sqlite3.Row object at 0x00000284878FED70>, <sqlite3.Row object at 0x00000284878FED40>, <sqlite3.Row object at 0x00000284878FED10>, <sqlite3.Row object at 0x00000284878FECE0>, <sqlite3.Row object at 0x00000284878FECB0>, <sqlite3.Row object at 0x00000284878FEC80>, <sqlite3.Row object at 0x00000284878FEC50>, <sqlite3.Row object at 0x00000284878FEC20>, <sqlite3.Row object at 0x00000284878FEBF0>, <sqlite3.Row object at 0x00000284878FEBC0>, <sqlite3.Row object at 0x00000284878FEB90>, <sqlite3.Row object at 0x00000284878FEB60>, <sqlite3.Row object at 0x00000284878FEB30>, <sqlite3.Row object at 0x00000284878FEB00>, <sqlite3.Row object at 0x00000284878FEAD0>, <sqlite3.Row object at 0x00000284878FEAA0>, <sqlite3.Row object at 0x00000284878FEA70>, <sqlite3.Row object at 0x00000284878FEA40>]
2025-05-23 15:31:38,458 - admin_debug - DEBUG - Colunas na tabela registros: [<sqlite3.Row object at 0x00000284878FE080>, <sqlite3.Row object at 0x00000284878FDF60>, <sqlite3.Row object at 0x00000284878FE110>, <sqlite3.Row object at 0x00000284878FDF00>, <sqlite3.Row object at 0x00000284878FDF30>, <sqlite3.Row object at 0x00000284878FFE80>, <sqlite3.Row object at 0x00000284878FFEB0>, <sqlite3.Row object at 0x00000284878FFEE0>, <sqlite3.Row object at 0x00000284878FFF10>, <sqlite3.Row object at 0x00000284878FFF40>, <sqlite3.Row object at 0x00000284878FFF70>, <sqlite3.Row object at 0x00000284878FFFA0>, <sqlite3.Row object at 0x00000284878FFFD0>, <sqlite3.Row object at 0x00000284878FF1F0>, <sqlite3.Row object at 0x00000284878FF1C0>, <sqlite3.Row object at 0x00000284878FF160>, <sqlite3.Row object at 0x00000284878FF130>, <sqlite3.Row object at 0x00000284878FF100>, <sqlite3.Row object at 0x00000284878FF0D0>, <sqlite3.Row object at 0x00000284878FF0A0>, <sqlite3.Row object at 0x00000284878FF070>, <sqlite3.Row object at 0x00000284878FF040>, <sqlite3.Row object at 0x00000284878FF010>, <sqlite3.Row object at 0x00000284878FEFE0>, <sqlite3.Row object at 0x00000284878FEFB0>, <sqlite3.Row object at 0x00000284878FEF80>, <sqlite3.Row object at 0x00000284878FEF50>, <sqlite3.Row object at 0x00000284878FEF20>, <sqlite3.Row object at 0x00000284878FEEF0>, <sqlite3.Row object at 0x00000284878FEEC0>, <sqlite3.Row object at 0x00000284878FEE90>, <sqlite3.Row object at 0x00000284878FEE60>, <sqlite3.Row object at 0x00000284878FEE30>, <sqlite3.Row object at 0x00000284878FEE00>, <sqlite3.Row object at 0x00000284878FEDD0>, <sqlite3.Row object at 0x00000284878FEDA0>, <sqlite3.Row object at 0x00000284878FED70>, <sqlite3.Row object at 0x00000284878FED40>, <sqlite3.Row object at 0x00000284878FED10>, <sqlite3.Row object at 0x00000284878FECE0>, <sqlite3.Row object at 0x00000284878FECB0>, <sqlite3.Row object at 0x00000284878FEC80>, <sqlite3.Row object at 0x00000284878FEC50>, <sqlite3.Row object at 0x00000284878FEC20>, <sqlite3.Row object at 0x00000284878FEBF0>, <sqlite3.Row object at 0x00000284878FEBC0>, <sqlite3.Row object at 0x00000284878FEB90>, <sqlite3.Row object at 0x00000284878FEB60>, <sqlite3.Row object at 0x00000284878FEB30>, <sqlite3.Row object at 0x00000284878FEB00>, <sqlite3.Row object at 0x00000284878FEAD0>, <sqlite3.Row object at 0x00000284878FEAA0>, <sqlite3.Row object at 0x00000284878FEA70>, <sqlite3.Row object at 0x00000284878FEA40>]
2025-05-23 15:31:38,459 - admin_debug - DEBUG - QUERY SQL: SELECT COUNT(*) FROM registros WHERE excluido = 0
2025-05-23 15:31:38,459 - admin_debug - DEBUG - Total de registros: 1
2025-05-23 15:31:38,459 - admin_debug - DEBUG - QUERY SQL: SELECT COUNT(*) FROM registros WHERE data_registro >= date('now', '-7 days') AND excluido = 0
2025-05-23 15:31:38,459 - admin_debug - DEBUG - Registros da última semana: 1
2025-05-23 15:31:38,459 - admin_debug - DEBUG - QUERY SQL: PRAGMA table_info(registros)
2025-05-23 15:31:38,459 - admin_debug - DEBUG - QUERY SQL: SELECT COUNT(*) FROM registros WHERE data_modificacao >= datetime('now', '-7 days') AND excluido = 0
2025-05-23 15:31:38,459 - admin_debug - DEBUG - Registros atualizados na última semana: 0
2025-05-23 15:31:38,459 - admin_debug - DEBUG - QUERY SQL: SELECT COUNT(*) as total FROM registros WHERE alteracoes_verificadas = 1 AND excluido = 0
2025-05-23 15:31:38,459 - admin_debug - DEBUG - Total de alterações verificadas: 0
2025-05-23 15:31:38,459 - admin_debug - DEBUG - QUERY SQL: 
                        SELECT usuario, COUNT(*) as total_acoes
                        FROM logs
                        GROUP BY usuario
                        ORDER BY total_acoes DESC
                        LIMIT 5
                    
2025-05-23 15:31:38,463 - admin_debug - DEBUG - Atividade por usuário: 1 registros
2025-05-23 15:31:38,463 - admin_debug - INFO - Dashboard administrativo carregado com sucesso
2025-05-23 15:31:38,689 - admin_debug - INFO - Iniciando carregamento do dashboard administrativo
2025-05-23 15:31:38,689 - admin_debug - DEBUG - TABELAS NO BANCO: [<sqlite3.Row object at 0x00000284878FD9C0>, <sqlite3.Row object at 0x00000284878FD930>, <sqlite3.Row object at 0x00000284878FD900>, <sqlite3.Row object at 0x00000284878FD8D0>, <sqlite3.Row object at 0x00000284878FD8A0>, <sqlite3.Row object at 0x00000284878FD870>, <sqlite3.Row object at 0x00000284878FD840>, <sqlite3.Row object at 0x00000284878FD810>, <sqlite3.Row object at 0x00000284878FD7E0>, <sqlite3.Row object at 0x00000284878FD7B0>, <sqlite3.Row object at 0x00000284878FD780>, <sqlite3.Row object at 0x00000284878FD750>, <sqlite3.Row object at 0x00000284878FD720>]
2025-05-23 15:31:38,689 - admin_debug - DEBUG - QUERY SQL: SELECT COUNT(*) FROM usuarios
2025-05-23 15:31:38,689 - admin_debug - DEBUG - Total de usuários: 13
2025-05-23 15:31:38,689 - admin_debug - DEBUG - QUERY SQL: SELECT COUNT(*) FROM usuarios WHERE nivel = 'admin'
2025-05-23 15:31:38,689 - admin_debug - DEBUG - Total de admins: 5
2025-05-23 15:31:38,691 - admin_debug - DEBUG - QUERY SQL: SELECT COUNT(*) FROM usuarios WHERE nivel = 'comum'
2025-05-23 15:31:38,691 - admin_debug - DEBUG - Total de usuários comuns: 2
2025-05-23 15:31:38,691 - admin_debug - DEBUG - QUERY SQL: SELECT COUNT(*) FROM usuarios WHERE nivel = 'gr'
2025-05-23 15:31:38,691 - admin_debug - DEBUG - Total de usuários GR: 6
2025-05-23 15:31:38,691 - admin_debug - DEBUG - QUERY SQL: SELECT name FROM sqlite_master WHERE type='table' AND name='solicitacoes_senha'
2025-05-23 15:31:38,692 - admin_debug - DEBUG - QUERY SQL: SELECT COUNT(*) FROM solicitacoes_senha WHERE status = 'pendente'
2025-05-23 15:31:38,692 - admin_debug - DEBUG - Solicitações de senha pendentes: 1
2025-05-23 15:31:38,692 - admin_debug - DEBUG - QUERY SQL: SELECT name FROM sqlite_master WHERE type='table' AND name='solicitacoes_registro'
2025-05-23 15:31:38,692 - admin_debug - DEBUG - QUERY SQL: SELECT COUNT(*) FROM solicitacoes_registro WHERE status = 'pendente'
2025-05-23 15:31:38,692 - admin_debug - DEBUG - Solicitações de registro pendentes: 0
2025-05-23 15:31:38,692 - admin_debug - DEBUG - QUERY SQL: SELECT name FROM sqlite_master WHERE type='table' AND name='logs'
2025-05-23 15:31:38,692 - admin_debug - DEBUG - SCHEMA DE logs: [<sqlite3.Row object at 0x00000284878FD9C0>, <sqlite3.Row object at 0x00000284878FD750>, <sqlite3.Row object at 0x00000284878FD720>, <sqlite3.Row object at 0x00000284878FD6F0>, <sqlite3.Row object at 0x00000284878FD6C0>]
2025-05-23 15:31:38,692 - admin_debug - DEBUG - QUERY SQL: SELECT name FROM sqlite_master WHERE type='table' AND name='usuarios'
2025-05-23 15:31:38,692 - admin_debug - DEBUG - QUERY SQL: 
                            SELECT l.*, u.username
                            FROM logs l
                            LEFT JOIN usuarios u ON l.usuario = u.username
                            ORDER BY l.data DESC
                            LIMIT 10
                        
2025-05-23 15:31:38,692 - admin_debug - DEBUG - Logs recentes: 1 registros
2025-05-23 15:31:38,692 - admin_debug - DEBUG - QUERY SQL: SELECT name FROM sqlite_master WHERE type='table' AND name='registros'
2025-05-23 15:31:38,697 - admin_debug - DEBUG - SCHEMA DE registros: [<sqlite3.Row object at 0x00000284878FD6F0>, <sqlite3.Row object at 0x00000284878FD660>, <sqlite3.Row object at 0x00000284878FD630>, <sqlite3.Row object at 0x00000284878FD600>, <sqlite3.Row object at 0x00000284878FD5D0>, <sqlite3.Row object at 0x00000284878FD5A0>, <sqlite3.Row object at 0x00000284878FD570>, <sqlite3.Row object at 0x00000284878FD540>, <sqlite3.Row object at 0x00000284878FD510>, <sqlite3.Row object at 0x00000284878FD4E0>, <sqlite3.Row object at 0x00000284878FD4B0>, <sqlite3.Row object at 0x00000284878FD480>, <sqlite3.Row object at 0x00000284878FE080>, <sqlite3.Row object at 0x00000284878FDF60>, <sqlite3.Row object at 0x00000284878FE110>, <sqlite3.Row object at 0x00000284878FDF00>, <sqlite3.Row object at 0x00000284878FDF30>, <sqlite3.Row object at 0x00000284878FFE80>, <sqlite3.Row object at 0x00000284878FFEB0>, <sqlite3.Row object at 0x00000284878FFEE0>, <sqlite3.Row object at 0x00000284878FFF10>, <sqlite3.Row object at 0x00000284878FFF40>, <sqlite3.Row object at 0x00000284878FFF70>, <sqlite3.Row object at 0x00000284878FFFA0>, <sqlite3.Row object at 0x00000284878FFFD0>, <sqlite3.Row object at 0x00000284878FF1F0>, <sqlite3.Row object at 0x00000284878FF1C0>, <sqlite3.Row object at 0x00000284878FF160>, <sqlite3.Row object at 0x00000284878FF130>, <sqlite3.Row object at 0x00000284878FF100>, <sqlite3.Row object at 0x00000284878FF0D0>, <sqlite3.Row object at 0x00000284878FF0A0>, <sqlite3.Row object at 0x00000284878FF070>, <sqlite3.Row object at 0x00000284878FF040>, <sqlite3.Row object at 0x00000284878FF010>, <sqlite3.Row object at 0x00000284878FEFE0>, <sqlite3.Row object at 0x00000284878FEFB0>, <sqlite3.Row object at 0x00000284878FEF80>, <sqlite3.Row object at 0x00000284878FEF50>, <sqlite3.Row object at 0x00000284878FEF20>, <sqlite3.Row object at 0x00000284878FEEF0>, <sqlite3.Row object at 0x00000284878FEEC0>, <sqlite3.Row object at 0x00000284878FEE90>, <sqlite3.Row object at 0x00000284878FEE60>, <sqlite3.Row object at 0x00000284878FEE30>, <sqlite3.Row object at 0x00000284878FEE00>, <sqlite3.Row object at 0x00000284878FEDD0>, <sqlite3.Row object at 0x00000284878FEDA0>, <sqlite3.Row object at 0x00000284878FED70>, <sqlite3.Row object at 0x00000284878FED40>, <sqlite3.Row object at 0x00000284878FED10>, <sqlite3.Row object at 0x00000284878FECE0>, <sqlite3.Row object at 0x0000028487863EE0>, <sqlite3.Row object at 0x0000028487863FA0>]
2025-05-23 15:31:38,699 - admin_debug - DEBUG - Colunas na tabela registros: [<sqlite3.Row object at 0x00000284878FD6F0>, <sqlite3.Row object at 0x00000284878FD660>, <sqlite3.Row object at 0x00000284878FD630>, <sqlite3.Row object at 0x00000284878FD600>, <sqlite3.Row object at 0x00000284878FD5D0>, <sqlite3.Row object at 0x00000284878FD5A0>, <sqlite3.Row object at 0x00000284878FD570>, <sqlite3.Row object at 0x00000284878FD540>, <sqlite3.Row object at 0x00000284878FD510>, <sqlite3.Row object at 0x00000284878FD4E0>, <sqlite3.Row object at 0x00000284878FD4B0>, <sqlite3.Row object at 0x00000284878FD480>, <sqlite3.Row object at 0x00000284878FE080>, <sqlite3.Row object at 0x00000284878FDF60>, <sqlite3.Row object at 0x00000284878FE110>, <sqlite3.Row object at 0x00000284878FDF00>, <sqlite3.Row object at 0x00000284878FDF30>, <sqlite3.Row object at 0x00000284878FFE80>, <sqlite3.Row object at 0x00000284878FFEB0>, <sqlite3.Row object at 0x00000284878FFEE0>, <sqlite3.Row object at 0x00000284878FFF10>, <sqlite3.Row object at 0x00000284878FFF40>, <sqlite3.Row object at 0x00000284878FFF70>, <sqlite3.Row object at 0x00000284878FFFA0>, <sqlite3.Row object at 0x00000284878FFFD0>, <sqlite3.Row object at 0x00000284878FF1F0>, <sqlite3.Row object at 0x00000284878FF1C0>, <sqlite3.Row object at 0x00000284878FF160>, <sqlite3.Row object at 0x00000284878FF130>, <sqlite3.Row object at 0x00000284878FF100>, <sqlite3.Row object at 0x00000284878FF0D0>, <sqlite3.Row object at 0x00000284878FF0A0>, <sqlite3.Row object at 0x00000284878FF070>, <sqlite3.Row object at 0x00000284878FF040>, <sqlite3.Row object at 0x00000284878FF010>, <sqlite3.Row object at 0x00000284878FEFE0>, <sqlite3.Row object at 0x00000284878FEFB0>, <sqlite3.Row object at 0x00000284878FEF80>, <sqlite3.Row object at 0x00000284878FEF50>, <sqlite3.Row object at 0x00000284878FEF20>, <sqlite3.Row object at 0x00000284878FEEF0>, <sqlite3.Row object at 0x00000284878FEEC0>, <sqlite3.Row object at 0x00000284878FEE90>, <sqlite3.Row object at 0x00000284878FEE60>, <sqlite3.Row object at 0x00000284878FEE30>, <sqlite3.Row object at 0x00000284878FEE00>, <sqlite3.Row object at 0x00000284878FEDD0>, <sqlite3.Row object at 0x00000284878FEDA0>, <sqlite3.Row object at 0x00000284878FED70>, <sqlite3.Row object at 0x00000284878FED40>, <sqlite3.Row object at 0x00000284878FED10>, <sqlite3.Row object at 0x00000284878FECE0>, <sqlite3.Row object at 0x0000028487863EE0>, <sqlite3.Row object at 0x0000028487863FA0>]
2025-05-23 15:31:38,700 - admin_debug - DEBUG - QUERY SQL: SELECT COUNT(*) FROM registros WHERE excluido = 0
2025-05-23 15:31:38,701 - admin_debug - DEBUG - Total de registros: 1
2025-05-23 15:31:38,701 - admin_debug - DEBUG - QUERY SQL: SELECT COUNT(*) FROM registros WHERE data_registro >= date('now', '-7 days') AND excluido = 0
2025-05-23 15:31:38,702 - admin_debug - DEBUG - Registros da última semana: 1
2025-05-23 15:31:38,702 - admin_debug - DEBUG - QUERY SQL: PRAGMA table_info(registros)
2025-05-23 15:31:38,702 - admin_debug - DEBUG - QUERY SQL: SELECT COUNT(*) FROM registros WHERE data_modificacao >= datetime('now', '-7 days') AND excluido = 0
2025-05-23 15:31:38,702 - admin_debug - DEBUG - Registros atualizados na última semana: 0
2025-05-23 15:31:38,702 - admin_debug - DEBUG - QUERY SQL: SELECT COUNT(*) as total FROM registros WHERE alteracoes_verificadas = 1 AND excluido = 0
2025-05-23 15:31:38,703 - admin_debug - DEBUG - Total de alterações verificadas: 0
2025-05-23 15:31:38,703 - admin_debug - DEBUG - QUERY SQL: 
                        SELECT usuario, COUNT(*) as total_acoes
                        FROM logs
                        GROUP BY usuario
                        ORDER BY total_acoes DESC
                        LIMIT 5
                    
2025-05-23 15:31:38,703 - admin_debug - DEBUG - Atividade por usuário: 1 registros
2025-05-23 15:31:38,703 - admin_debug - INFO - Dashboard administrativo carregado com sucesso
2025-05-23 15:31:39,749 - admin_debug - INFO - Iniciando carregamento do dashboard administrativo
2025-05-23 15:31:39,749 - admin_debug - DEBUG - TABELAS NO BANCO: [<sqlite3.Row object at 0x00000284878FE560>, <sqlite3.Row object at 0x00000284878FEE30>, <sqlite3.Row object at 0x00000284878FEE90>, <sqlite3.Row object at 0x00000284878FE8F0>, <sqlite3.Row object at 0x00000284878FE5C0>, <sqlite3.Row object at 0x00000284878FFD30>, <sqlite3.Row object at 0x00000284878FE7A0>, <sqlite3.Row object at 0x00000284878FF760>, <sqlite3.Row object at 0x00000284878FF730>, <sqlite3.Row object at 0x00000284878FFDC0>, <sqlite3.Row object at 0x00000284878FE920>, <sqlite3.Row object at 0x00000284878FF640>, <sqlite3.Row object at 0x00000284878FF6D0>]
2025-05-23 15:31:39,749 - admin_debug - DEBUG - QUERY SQL: SELECT COUNT(*) FROM usuarios
2025-05-23 15:31:39,754 - admin_debug - DEBUG - Total de usuários: 13
2025-05-23 15:31:39,754 - admin_debug - DEBUG - QUERY SQL: SELECT COUNT(*) FROM usuarios WHERE nivel = 'admin'
2025-05-23 15:31:39,754 - admin_debug - DEBUG - Total de admins: 5
2025-05-23 15:31:39,754 - admin_debug - DEBUG - QUERY SQL: SELECT COUNT(*) FROM usuarios WHERE nivel = 'comum'
2025-05-23 15:31:39,756 - admin_debug - DEBUG - Total de usuários comuns: 2
2025-05-23 15:31:39,756 - admin_debug - DEBUG - QUERY SQL: SELECT COUNT(*) FROM usuarios WHERE nivel = 'gr'
2025-05-23 15:31:39,756 - admin_debug - DEBUG - Total de usuários GR: 6
2025-05-23 15:31:39,756 - admin_debug - DEBUG - QUERY SQL: SELECT name FROM sqlite_master WHERE type='table' AND name='solicitacoes_senha'
2025-05-23 15:31:39,757 - admin_debug - DEBUG - QUERY SQL: SELECT COUNT(*) FROM solicitacoes_senha WHERE status = 'pendente'
2025-05-23 15:31:39,757 - admin_debug - DEBUG - Solicitações de senha pendentes: 1
2025-05-23 15:31:39,757 - admin_debug - DEBUG - QUERY SQL: SELECT name FROM sqlite_master WHERE type='table' AND name='solicitacoes_registro'
2025-05-23 15:31:39,759 - admin_debug - DEBUG - QUERY SQL: SELECT COUNT(*) FROM solicitacoes_registro WHERE status = 'pendente'
2025-05-23 15:31:39,759 - admin_debug - DEBUG - Solicitações de registro pendentes: 0
2025-05-23 15:31:39,759 - admin_debug - DEBUG - QUERY SQL: SELECT name FROM sqlite_master WHERE type='table' AND name='logs'
2025-05-23 15:31:39,759 - admin_debug - DEBUG - SCHEMA DE logs: [<sqlite3.Row object at 0x00000284878FE560>, <sqlite3.Row object at 0x00000284878FFE50>, <sqlite3.Row object at 0x00000284878FF760>, <sqlite3.Row object at 0x00000284878FFD30>, <sqlite3.Row object at 0x00000284878FEE90>]
2025-05-23 15:31:39,759 - admin_debug - DEBUG - QUERY SQL: SELECT name FROM sqlite_master WHERE type='table' AND name='usuarios'
2025-05-23 15:31:39,759 - admin_debug - DEBUG - QUERY SQL: 
                            SELECT l.*, u.username
                            FROM logs l
                            LEFT JOIN usuarios u ON l.usuario = u.username
                            ORDER BY l.data DESC
                            LIMIT 10
                        
2025-05-23 15:31:39,759 - admin_debug - DEBUG - Logs recentes: 1 registros
2025-05-23 15:31:39,759 - admin_debug - DEBUG - QUERY SQL: SELECT name FROM sqlite_master WHERE type='table' AND name='registros'
2025-05-23 15:31:39,763 - admin_debug - DEBUG - SCHEMA DE registros: [<sqlite3.Row object at 0x00000284878FFD30>, <sqlite3.Row object at 0x00000284878FFC40>, <sqlite3.Row object at 0x00000284878FF8E0>, <sqlite3.Row object at 0x00000284878FF820>, <sqlite3.Row object at 0x00000284878FDED0>, <sqlite3.Row object at 0x00000284878FF880>, <sqlite3.Row object at 0x00000284878FF9D0>, <sqlite3.Row object at 0x00000284878FFBE0>, <sqlite3.Row object at 0x00000284878FFBB0>, <sqlite3.Row object at 0x00000284878FF850>, <sqlite3.Row object at 0x00000284878FFB50>, <sqlite3.Row object at 0x00000284878FFB80>, <sqlite3.Row object at 0x00000284878FF7F0>, <sqlite3.Row object at 0x00000284878FFA00>, <sqlite3.Row object at 0x00000284878FFAC0>, <sqlite3.Row object at 0x00000284878FFA60>, <sqlite3.Row object at 0x00000284878FF970>, <sqlite3.Row object at 0x00000284878FFAF0>, <sqlite3.Row object at 0x00000284878FFA90>, <sqlite3.Row object at 0x00000284878FF910>, <sqlite3.Row object at 0x00000284878FF460>, <sqlite3.Row object at 0x00000284878FF8B0>, <sqlite3.Row object at 0x00000284878FF5B0>, <sqlite3.Row object at 0x00000284878FE890>, <sqlite3.Row object at 0x00000284878FE860>, <sqlite3.Row object at 0x00000284878FFB20>, <sqlite3.Row object at 0x00000284878FE950>, <sqlite3.Row object at 0x00000284878FF3D0>, <sqlite3.Row object at 0x00000284878FEC80>, <sqlite3.Row object at 0x00000284878FD360>, <sqlite3.Row object at 0x00000284878FD420>, <sqlite3.Row object at 0x00000284878FF490>, <sqlite3.Row object at 0x00000284878FF4F0>, <sqlite3.Row object at 0x00000284878FF4C0>, <sqlite3.Row object at 0x00000284878FF400>, <sqlite3.Row object at 0x00000284878FF430>, <sqlite3.Row object at 0x00000284878FF3A0>, <sqlite3.Row object at 0x00000284878FF370>, <sqlite3.Row object at 0x00000284878FF340>, <sqlite3.Row object at 0x00000284878FEA40>, <sqlite3.Row object at 0x00000284878FD390>, <sqlite3.Row object at 0x00000284878FEB30>, <sqlite3.Row object at 0x00000284878FEAA0>, <sqlite3.Row object at 0x00000284878FEA70>, <sqlite3.Row object at 0x00000284878FD2D0>, <sqlite3.Row object at 0x00000284878FF520>, <sqlite3.Row object at 0x00000284878FF550>, <sqlite3.Row object at 0x00000284878FEC20>, <sqlite3.Row object at 0x00000284878FEB60>, <sqlite3.Row object at 0x00000284878FEC50>, <sqlite3.Row object at 0x00000284878FEBF0>, <sqlite3.Row object at 0x00000284878FEB90>, <sqlite3.Row object at 0x00000284878FEEC0>, <sqlite3.Row object at 0x00000284878FEB00>]
2025-05-23 15:31:39,764 - admin_debug - DEBUG - Colunas na tabela registros: [<sqlite3.Row object at 0x00000284878FFD30>, <sqlite3.Row object at 0x00000284878FFC40>, <sqlite3.Row object at 0x00000284878FF8E0>, <sqlite3.Row object at 0x00000284878FF820>, <sqlite3.Row object at 0x00000284878FDED0>, <sqlite3.Row object at 0x00000284878FF880>, <sqlite3.Row object at 0x00000284878FF9D0>, <sqlite3.Row object at 0x00000284878FFBE0>, <sqlite3.Row object at 0x00000284878FFBB0>, <sqlite3.Row object at 0x00000284878FF850>, <sqlite3.Row object at 0x00000284878FFB50>, <sqlite3.Row object at 0x00000284878FFB80>, <sqlite3.Row object at 0x00000284878FF7F0>, <sqlite3.Row object at 0x00000284878FFA00>, <sqlite3.Row object at 0x00000284878FFAC0>, <sqlite3.Row object at 0x00000284878FFA60>, <sqlite3.Row object at 0x00000284878FF970>, <sqlite3.Row object at 0x00000284878FFAF0>, <sqlite3.Row object at 0x00000284878FFA90>, <sqlite3.Row object at 0x00000284878FF910>, <sqlite3.Row object at 0x00000284878FF460>, <sqlite3.Row object at 0x00000284878FF8B0>, <sqlite3.Row object at 0x00000284878FF5B0>, <sqlite3.Row object at 0x00000284878FE890>, <sqlite3.Row object at 0x00000284878FE860>, <sqlite3.Row object at 0x00000284878FFB20>, <sqlite3.Row object at 0x00000284878FE950>, <sqlite3.Row object at 0x00000284878FF3D0>, <sqlite3.Row object at 0x00000284878FEC80>, <sqlite3.Row object at 0x00000284878FD360>, <sqlite3.Row object at 0x00000284878FD420>, <sqlite3.Row object at 0x00000284878FF490>, <sqlite3.Row object at 0x00000284878FF4F0>, <sqlite3.Row object at 0x00000284878FF4C0>, <sqlite3.Row object at 0x00000284878FF400>, <sqlite3.Row object at 0x00000284878FF430>, <sqlite3.Row object at 0x00000284878FF3A0>, <sqlite3.Row object at 0x00000284878FF370>, <sqlite3.Row object at 0x00000284878FF340>, <sqlite3.Row object at 0x00000284878FEA40>, <sqlite3.Row object at 0x00000284878FD390>, <sqlite3.Row object at 0x00000284878FEB30>, <sqlite3.Row object at 0x00000284878FEAA0>, <sqlite3.Row object at 0x00000284878FEA70>, <sqlite3.Row object at 0x00000284878FD2D0>, <sqlite3.Row object at 0x00000284878FF520>, <sqlite3.Row object at 0x00000284878FF550>, <sqlite3.Row object at 0x00000284878FEC20>, <sqlite3.Row object at 0x00000284878FEB60>, <sqlite3.Row object at 0x00000284878FEC50>, <sqlite3.Row object at 0x00000284878FEBF0>, <sqlite3.Row object at 0x00000284878FEB90>, <sqlite3.Row object at 0x00000284878FEEC0>, <sqlite3.Row object at 0x00000284878FEB00>]
2025-05-23 15:31:39,764 - admin_debug - DEBUG - QUERY SQL: SELECT COUNT(*) FROM registros WHERE excluido = 0
2025-05-23 15:31:39,764 - admin_debug - DEBUG - Total de registros: 1
2025-05-23 15:31:39,765 - admin_debug - DEBUG - QUERY SQL: SELECT COUNT(*) FROM registros WHERE data_registro >= date('now', '-7 days') AND excluido = 0
2025-05-23 15:31:39,765 - admin_debug - DEBUG - Registros da última semana: 1
2025-05-23 15:31:39,765 - admin_debug - DEBUG - QUERY SQL: PRAGMA table_info(registros)
2025-05-23 15:31:39,766 - admin_debug - DEBUG - QUERY SQL: SELECT COUNT(*) FROM registros WHERE data_modificacao >= datetime('now', '-7 days') AND excluido = 0
2025-05-23 15:31:39,767 - admin_debug - DEBUG - Registros atualizados na última semana: 0
2025-05-23 15:31:39,767 - admin_debug - DEBUG - QUERY SQL: SELECT COUNT(*) as total FROM registros WHERE alteracoes_verificadas = 1 AND excluido = 0
2025-05-23 15:31:39,767 - admin_debug - DEBUG - Total de alterações verificadas: 0
2025-05-23 15:31:39,767 - admin_debug - DEBUG - QUERY SQL: 
                        SELECT usuario, COUNT(*) as total_acoes
                        FROM logs
                        GROUP BY usuario
                        ORDER BY total_acoes DESC
                        LIMIT 5
                    
2025-05-23 15:31:39,768 - admin_debug - DEBUG - Atividade por usuário: 1 registros
2025-05-23 15:31:39,768 - admin_debug - INFO - Dashboard administrativo carregado com sucesso
2025-05-23 15:31:40,559 - admin_debug - INFO - Iniciando carregamento do dashboard administrativo
2025-05-23 15:31:40,559 - admin_debug - DEBUG - TABELAS NO BANCO: [<sqlite3.Row object at 0x00000284878FEA70>, <sqlite3.Row object at 0x00000284878FF4C0>, <sqlite3.Row object at 0x00000284878FF3A0>, <sqlite3.Row object at 0x00000284878FD390>, <sqlite3.Row object at 0x00000284878FF400>, <sqlite3.Row object at 0x00000284878FD2D0>, <sqlite3.Row object at 0x00000284878FEA40>, <sqlite3.Row object at 0x00000284878FF340>, <sqlite3.Row object at 0x00000284878FEAA0>, <sqlite3.Row object at 0x00000284878FC160>, <sqlite3.Row object at 0x00000284878FEB30>, <sqlite3.Row object at 0x00000284878FF610>, <sqlite3.Row object at 0x00000284878FE980>]
2025-05-23 15:31:40,559 - admin_debug - DEBUG - QUERY SQL: SELECT COUNT(*) FROM usuarios
2025-05-23 15:31:40,563 - admin_debug - DEBUG - Total de usuários: 13
2025-05-23 15:31:40,564 - admin_debug - DEBUG - QUERY SQL: SELECT COUNT(*) FROM usuarios WHERE nivel = 'admin'
2025-05-23 15:31:40,564 - admin_debug - DEBUG - Total de admins: 5
2025-05-23 15:31:40,564 - admin_debug - DEBUG - QUERY SQL: SELECT COUNT(*) FROM usuarios WHERE nivel = 'comum'
2025-05-23 15:31:40,565 - admin_debug - DEBUG - Total de usuários comuns: 2
2025-05-23 15:31:40,565 - admin_debug - DEBUG - QUERY SQL: SELECT COUNT(*) FROM usuarios WHERE nivel = 'gr'
2025-05-23 15:31:40,566 - admin_debug - DEBUG - Total de usuários GR: 6
2025-05-23 15:31:40,566 - admin_debug - DEBUG - QUERY SQL: SELECT name FROM sqlite_master WHERE type='table' AND name='solicitacoes_senha'
2025-05-23 15:31:40,566 - admin_debug - DEBUG - QUERY SQL: SELECT COUNT(*) FROM solicitacoes_senha WHERE status = 'pendente'
2025-05-23 15:31:40,566 - admin_debug - DEBUG - Solicitações de senha pendentes: 1
2025-05-23 15:31:40,567 - admin_debug - DEBUG - QUERY SQL: SELECT name FROM sqlite_master WHERE type='table' AND name='solicitacoes_registro'
2025-05-23 15:31:40,568 - admin_debug - DEBUG - QUERY SQL: SELECT COUNT(*) FROM solicitacoes_registro WHERE status = 'pendente'
2025-05-23 15:31:40,568 - admin_debug - DEBUG - Solicitações de registro pendentes: 0
2025-05-23 15:31:40,568 - admin_debug - DEBUG - QUERY SQL: SELECT name FROM sqlite_master WHERE type='table' AND name='logs'
2025-05-23 15:31:40,568 - admin_debug - DEBUG - SCHEMA DE logs: [<sqlite3.Row object at 0x00000284878FEA70>, <sqlite3.Row object at 0x00000284878FF610>, <sqlite3.Row object at 0x00000284878FE980>, <sqlite3.Row object at 0x00000284878FC4F0>, <sqlite3.Row object at 0x00000284878FC5B0>]
2025-05-23 15:31:40,568 - admin_debug - DEBUG - QUERY SQL: SELECT name FROM sqlite_master WHERE type='table' AND name='usuarios'
2025-05-23 15:31:40,568 - admin_debug - DEBUG - QUERY SQL: 
                            SELECT l.*, u.username
                            FROM logs l
                            LEFT JOIN usuarios u ON l.usuario = u.username
                            ORDER BY l.data DESC
                            LIMIT 10
                        
2025-05-23 15:31:40,571 - admin_debug - DEBUG - Logs recentes: 1 registros
2025-05-23 15:31:40,571 - admin_debug - DEBUG - QUERY SQL: SELECT name FROM sqlite_master WHERE type='table' AND name='registros'
2025-05-23 15:31:40,572 - admin_debug - DEBUG - SCHEMA DE registros: [<sqlite3.Row object at 0x00000284878FC4F0>, <sqlite3.Row object at 0x00000284878FE4A0>, <sqlite3.Row object at 0x00000284878FE110>, <sqlite3.Row object at 0x00000284878FC6A0>, <sqlite3.Row object at 0x00000284878FE230>, <sqlite3.Row object at 0x00000284878FE080>, <sqlite3.Row object at 0x00000284878FE380>, <sqlite3.Row object at 0x00000284878FEC50>, <sqlite3.Row object at 0x00000284878FEBF0>, <sqlite3.Row object at 0x00000284878FEB90>, <sqlite3.Row object at 0x00000284878FEEC0>, <sqlite3.Row object at 0x00000284878FC7F0>, <sqlite3.Row object at 0x00000284878FCD00>, <sqlite3.Row object at 0x00000284878FECB0>, <sqlite3.Row object at 0x00000284878FC550>, <sqlite3.Row object at 0x00000284878FF520>, <sqlite3.Row object at 0x00000284878FF550>, <sqlite3.Row object at 0x00000284878FEC20>, <sqlite3.Row object at 0x00000284878FEB60>, <sqlite3.Row object at 0x00000284878FCA60>, <sqlite3.Row object at 0x00000284878FCCD0>, <sqlite3.Row object at 0x00000284878FC580>, <sqlite3.Row object at 0x00000284878FC670>, <sqlite3.Row object at 0x00000284878FEB00>, <sqlite3.Row object at 0x00000284878FC820>, <sqlite3.Row object at 0x00000284878FC220>, <sqlite3.Row object at 0x00000284878FC130>, <sqlite3.Row object at 0x00000284878FCDC0>, <sqlite3.Row object at 0x00000284878FCE20>, <sqlite3.Row object at 0x00000284878FC790>, <sqlite3.Row object at 0x00000284878FCE80>, <sqlite3.Row object at 0x00000284878FDB40>, <sqlite3.Row object at 0x00000284878FE6E0>, <sqlite3.Row object at 0x00000284878FE170>, <sqlite3.Row object at 0x00000284878FF2B0>, <sqlite3.Row object at 0x00000284878FDBA0>, <sqlite3.Row object at 0x00000284878FE0B0>, <sqlite3.Row object at 0x00000284878FE2C0>, <sqlite3.Row object at 0x00000284878FFF40>, <sqlite3.Row object at 0x00000284878FF250>, <sqlite3.Row object at 0x00000284878FF5E0>, <sqlite3.Row object at 0x00000284878FD9F0>, <sqlite3.Row object at 0x00000284878FE5F0>, <sqlite3.Row object at 0x00000284878FD9C0>, <sqlite3.Row object at 0x00000284878FF7C0>, <sqlite3.Row object at 0x00000284878FEF50>, <sqlite3.Row object at 0x00000284878FFEE0>, <sqlite3.Row object at 0x00000284878FCDF0>, <sqlite3.Row object at 0x00000284878FE9E0>, <sqlite3.Row object at 0x00000284878FCA00>, <sqlite3.Row object at 0x00000284878FCA30>, <sqlite3.Row object at 0x00000284878FF7F0>, <sqlite3.Row object at 0x00000284878FF940>, <sqlite3.Row object at 0x00000284878FF280>]
2025-05-23 15:31:40,572 - admin_debug - DEBUG - Colunas na tabela registros: [<sqlite3.Row object at 0x00000284878FC4F0>, <sqlite3.Row object at 0x00000284878FE4A0>, <sqlite3.Row object at 0x00000284878FE110>, <sqlite3.Row object at 0x00000284878FC6A0>, <sqlite3.Row object at 0x00000284878FE230>, <sqlite3.Row object at 0x00000284878FE080>, <sqlite3.Row object at 0x00000284878FE380>, <sqlite3.Row object at 0x00000284878FEC50>, <sqlite3.Row object at 0x00000284878FEBF0>, <sqlite3.Row object at 0x00000284878FEB90>, <sqlite3.Row object at 0x00000284878FEEC0>, <sqlite3.Row object at 0x00000284878FC7F0>, <sqlite3.Row object at 0x00000284878FCD00>, <sqlite3.Row object at 0x00000284878FECB0>, <sqlite3.Row object at 0x00000284878FC550>, <sqlite3.Row object at 0x00000284878FF520>, <sqlite3.Row object at 0x00000284878FF550>, <sqlite3.Row object at 0x00000284878FEC20>, <sqlite3.Row object at 0x00000284878FEB60>, <sqlite3.Row object at 0x00000284878FCA60>, <sqlite3.Row object at 0x00000284878FCCD0>, <sqlite3.Row object at 0x00000284878FC580>, <sqlite3.Row object at 0x00000284878FC670>, <sqlite3.Row object at 0x00000284878FEB00>, <sqlite3.Row object at 0x00000284878FC820>, <sqlite3.Row object at 0x00000284878FC220>, <sqlite3.Row object at 0x00000284878FC130>, <sqlite3.Row object at 0x00000284878FCDC0>, <sqlite3.Row object at 0x00000284878FCE20>, <sqlite3.Row object at 0x00000284878FC790>, <sqlite3.Row object at 0x00000284878FCE80>, <sqlite3.Row object at 0x00000284878FDB40>, <sqlite3.Row object at 0x00000284878FE6E0>, <sqlite3.Row object at 0x00000284878FE170>, <sqlite3.Row object at 0x00000284878FF2B0>, <sqlite3.Row object at 0x00000284878FDBA0>, <sqlite3.Row object at 0x00000284878FE0B0>, <sqlite3.Row object at 0x00000284878FE2C0>, <sqlite3.Row object at 0x00000284878FFF40>, <sqlite3.Row object at 0x00000284878FF250>, <sqlite3.Row object at 0x00000284878FF5E0>, <sqlite3.Row object at 0x00000284878FD9F0>, <sqlite3.Row object at 0x00000284878FE5F0>, <sqlite3.Row object at 0x00000284878FD9C0>, <sqlite3.Row object at 0x00000284878FF7C0>, <sqlite3.Row object at 0x00000284878FEF50>, <sqlite3.Row object at 0x00000284878FFEE0>, <sqlite3.Row object at 0x00000284878FCDF0>, <sqlite3.Row object at 0x00000284878FE9E0>, <sqlite3.Row object at 0x00000284878FCA00>, <sqlite3.Row object at 0x00000284878FCA30>, <sqlite3.Row object at 0x00000284878FF7F0>, <sqlite3.Row object at 0x00000284878FF940>, <sqlite3.Row object at 0x00000284878FF280>]
2025-05-23 15:31:40,572 - admin_debug - DEBUG - QUERY SQL: SELECT COUNT(*) FROM registros WHERE excluido = 0
2025-05-23 15:31:40,572 - admin_debug - DEBUG - Total de registros: 1
2025-05-23 15:31:40,573 - admin_debug - DEBUG - QUERY SQL: SELECT COUNT(*) FROM registros WHERE data_registro >= date('now', '-7 days') AND excluido = 0
2025-05-23 15:31:40,573 - admin_debug - DEBUG - Registros da última semana: 1
2025-05-23 15:31:40,573 - admin_debug - DEBUG - QUERY SQL: PRAGMA table_info(registros)
2025-05-23 15:31:40,573 - admin_debug - DEBUG - QUERY SQL: SELECT COUNT(*) FROM registros WHERE data_modificacao >= datetime('now', '-7 days') AND excluido = 0
2025-05-23 15:31:40,573 - admin_debug - DEBUG - Registros atualizados na última semana: 0
2025-05-23 15:31:40,573 - admin_debug - DEBUG - QUERY SQL: SELECT COUNT(*) as total FROM registros WHERE alteracoes_verificadas = 1 AND excluido = 0
2025-05-23 15:31:40,573 - admin_debug - DEBUG - Total de alterações verificadas: 0
2025-05-23 15:31:40,573 - admin_debug - DEBUG - QUERY SQL: 
                        SELECT usuario, COUNT(*) as total_acoes
                        FROM logs
                        GROUP BY usuario
                        ORDER BY total_acoes DESC
                        LIMIT 5
                    
2025-05-23 15:31:40,573 - admin_debug - DEBUG - Atividade por usuário: 1 registros
2025-05-23 15:31:40,573 - admin_debug - INFO - Dashboard administrativo carregado com sucesso
